The system is: Linux - 3.10.0-327.3.1.el7_lustre.x86_64 - x86_64
Compiling the C compiler identification source file "CMakeCCompilerId.c" succeeded.
Compiler: /usr/bin/cc 
Build flags: 
Id flags: 

The output was:
0


Compilation of the C compiler identification source "CMakeCCompilerId.c" produced "a.out"

The C compiler identification is GNU, found in "/BIGDATA/nsccgz_pcheng_1/src/octopus/build/CMakeFiles/2.8.12.2/CompilerIdC/a.out"

Compiling the CXX compiler identification source file "CMakeCXXCompilerId.cpp" succeeded.
Compiler: /usr/bin/c++ 
Build flags: 
Id flags: 

The output was:
0


Compilation of the CXX compiler identification source "CMakeCXXCompilerId.cpp" produced "a.out"

The CXX compiler identification is GNU, found in "/BIGDATA/nsccgz_pcheng_1/src/octopus/build/CMakeFiles/2.8.12.2/CompilerIdCXX/a.out"

Determining if the C compiler works passed with the following output:
Change Dir: /BIGDATA/nsccgz_pcheng_1/src/octopus/build/CMakeFiles/CMakeTmp

Run Build Command:/usr/bin/gmake "cmTryCompileExec1913740651/fast"
/usr/bin/gmake -f CMakeFiles/cmTryCompileExec1913740651.dir/build.make CMakeFiles/cmTryCompileExec1913740651.dir/build
gmake[1]: Entering directory `/BIGDATA/nsccgz_pcheng_1/src/octopus/build/CMakeFiles/CMakeTmp'
/usr/bin/cmake -E cmake_progress_report /BIGDATA/nsccgz_pcheng_1/src/octopus/build/CMakeFiles/CMakeTmp/CMakeFiles 1
Building C object CMakeFiles/cmTryCompileExec1913740651.dir/testCCompiler.c.o
/usr/bin/cc    -o CMakeFiles/cmTryCompileExec1913740651.dir/testCCompiler.c.o   -c /BIGDATA/nsccgz_pcheng_1/src/octopus/build/CMakeFiles/CMakeTmp/testCCompiler.c
Linking C executable cmTryCompileExec1913740651
/usr/bin/cmake -E cmake_link_script CMakeFiles/cmTryCompileExec1913740651.dir/link.txt --verbose=1
/usr/bin/cc       CMakeFiles/cmTryCompileExec1913740651.dir/testCCompiler.c.o  -o cmTryCompileExec1913740651 -rdynamic 
gmake[1]: Leaving directory `/BIGDATA/nsccgz_pcheng_1/src/octopus/build/CMakeFiles/CMakeTmp'


Detecting C compiler ABI info compiled with the following output:
Change Dir: /BIGDATA/nsccgz_pcheng_1/src/octopus/build/CMakeFiles/CMakeTmp

Run Build Command:/usr/bin/gmake "cmTryCompileExec85628149/fast"
/usr/bin/gmake -f CMakeFiles/cmTryCompileExec85628149.dir/build.make CMakeFiles/cmTryCompileExec85628149.dir/build
gmake[1]: Entering directory `/BIGDATA/nsccgz_pcheng_1/src/octopus/build/CMakeFiles/CMakeTmp'
/usr/bin/cmake -E cmake_progress_report /BIGDATA/nsccgz_pcheng_1/src/octopus/build/CMakeFiles/CMakeTmp/CMakeFiles 1
Building C object CMakeFiles/cmTryCompileExec85628149.dir/CMakeCCompilerABI.c.o
/usr/bin/cc    -o CMakeFiles/cmTryCompileExec85628149.dir/CMakeCCompilerABI.c.o   -c /usr/share/cmake/Modules/CMakeCCompilerABI.c
Linking C executable cmTryCompileExec85628149
/usr/bin/cmake -E cmake_link_script CMakeFiles/cmTryCompileExec85628149.dir/link.txt --verbose=1
/usr/bin/cc     -v CMakeFiles/cmTryCompileExec85628149.dir/CMakeCCompilerABI.c.o  -o cmTryCompileExec85628149 -rdynamic  
Using built-in specs.
COLLECT_GCC=/usr/bin/cc
COLLECT_LTO_WRAPPER=/usr/libexec/gcc/x86_64-redhat-linux/4.8.5/lto-wrapper
Target: x86_64-redhat-linux
Configured with: ../configure --prefix=/usr --mandir=/usr/share/man --infodir=/usr/share/info --with-bugurl=http://bugzilla.redhat.com/bugzilla --enable-bootstrap --enable-shared --enable-threads=posix --enable-checking=release --with-system-zlib --enable-__cxa_atexit --disable-libunwind-exceptions --enable-gnu-unique-object --enable-linker-build-id --with-linker-hash-style=gnu --enable-languages=c,c++,objc,obj-c++,java,fortran,ada,go,lto --enable-plugin --enable-initfini-array --disable-libgcj --with-isl=/builddir/build/BUILD/gcc-4.8.5-20150702/obj-x86_64-redhat-linux/isl-install --with-cloog=/builddir/build/BUILD/gcc-4.8.5-20150702/obj-x86_64-redhat-linux/cloog-install --enable-gnu-indirect-function --with-tune=generic --with-arch_32=x86-64 --build=x86_64-redhat-linux
Thread model: posix
gcc version 4.8.5 20150623 (Red Hat 4.8.5-28) (GCC) 
COMPILER_PATH=/usr/libexec/gcc/x86_64-redhat-linux/4.8.5/:/usr/libexec/gcc/x86_64-redhat-linux/4.8.5/:/usr/libexec/gcc/x86_64-redhat-linux/:/usr/lib/gcc/x86_64-redhat-linux/4.8.5/:/usr/lib/gcc/x86_64-redhat-linux/
LIBRARY_PATH=/usr/lib/../lib64/:/usr/local/lib/../lib64/:/usr/lib/gcc/x86_64-redhat-linux/4.8.5/:/usr/lib/gcc/x86_64-redhat-linux/4.8.5/../../../../lib64/:/lib/../lib64/:/usr/lib/../lib64/:/BIGDATA/nsccgz_pcheng_1/install/mpich/lib/:/usr/lib/:/usr/local/lib/:/home/condor/install/zlib/lib/:/home/condor/install/zlib/lib/:/home/condor/install/ncurses-5.9/lib/:/home/condor/install/bzip2-1.0.6/lib/:/home/condor/install/xz-5.2.3/lib/:./:/usr/lib/gcc/x86_64-redhat-linux/4.8.5/../../../:/lib/:/usr/lib/
COLLECT_GCC_OPTIONS='-v' '-o' 'cmTryCompileExec85628149' '-rdynamic' '-mtune=generic' '-march=x86-64'
 /usr/libexec/gcc/x86_64-redhat-linux/4.8.5/collect2 --build-id --no-add-needed --eh-frame-hdr --hash-style=gnu -m elf_x86_64 -export-dynamic -dynamic-linker /lib64/ld-linux-x86-64.so.2 -o cmTryCompileExec85628149 /usr/lib/../lib64/crt1.o /usr/lib/../lib64/crti.o /usr/lib/gcc/x86_64-redhat-linux/4.8.5/crtbegin.o -L/usr/lib/../lib64 -L/usr/local/lib/../lib64 -L/usr/lib/gcc/x86_64-redhat-linux/4.8.5 -L/usr/lib/gcc/x86_64-redhat-linux/4.8.5/../../../../lib64 -L/lib/../lib64 -L/usr/lib/../lib64 -L/BIGDATA/nsccgz_pcheng_1/install/mpich/lib -L/usr/local/lib -L/home/condor/install/zlib/lib -L/home/condor/install/zlib/lib -L/home/condor/install/ncurses-5.9/lib -L/home/condor/install/bzip2-1.0.6/lib -L/home/condor/install/xz-5.2.3/lib -L. -L/usr/lib/gcc/x86_64-redhat-linux/4.8.5/../../.. CMakeFiles/cmTryCompileExec85628149.dir/CMakeCCompilerABI.c.o -lgcc --as-needed -lgcc_s --no-as-needed -lc -lgcc --as-needed -lgcc_s --no-as-needed /usr/lib/gcc/x86_64-redhat-linux/4.8.5/crtend.o /usr/lib/../lib64/crtn.o
gmake[1]: Leaving directory `/BIGDATA/nsccgz_pcheng_1/src/octopus/build/CMakeFiles/CMakeTmp'


Parsed C implicit link information from above output:
  link line regex: [^( *|.*[/\])(ld|([^/\]+-)?ld|collect2)[^/\]*( |$)]
  ignore line: [Change Dir: /BIGDATA/nsccgz_pcheng_1/src/octopus/build/CMakeFiles/CMakeTmp]
  ignore line: []
  ignore line: [Run Build Command:/usr/bin/gmake "cmTryCompileExec85628149/fast"]
  ignore line: [/usr/bin/gmake -f CMakeFiles/cmTryCompileExec85628149.dir/build.make CMakeFiles/cmTryCompileExec85628149.dir/build]
  ignore line: [gmake[1]: Entering directory `/BIGDATA/nsccgz_pcheng_1/src/octopus/build/CMakeFiles/CMakeTmp']
  ignore line: [/usr/bin/cmake -E cmake_progress_report /BIGDATA/nsccgz_pcheng_1/src/octopus/build/CMakeFiles/CMakeTmp/CMakeFiles 1]
  ignore line: [Building C object CMakeFiles/cmTryCompileExec85628149.dir/CMakeCCompilerABI.c.o]
  ignore line: [/usr/bin/cc    -o CMakeFiles/cmTryCompileExec85628149.dir/CMakeCCompilerABI.c.o   -c /usr/share/cmake/Modules/CMakeCCompilerABI.c]
  ignore line: [Linking C executable cmTryCompileExec85628149]
  ignore line: [/usr/bin/cmake -E cmake_link_script CMakeFiles/cmTryCompileExec85628149.dir/link.txt --verbose=1]
  ignore line: [/usr/bin/cc     -v CMakeFiles/cmTryCompileExec85628149.dir/CMakeCCompilerABI.c.o  -o cmTryCompileExec85628149 -rdynamic  ]
  ignore line: [Using built-in specs.]
  ignore line: [COLLECT_GCC=/usr/bin/cc]
  ignore line: [COLLECT_LTO_WRAPPER=/usr/libexec/gcc/x86_64-redhat-linux/4.8.5/lto-wrapper]
  ignore line: [Target: x86_64-redhat-linux]
  ignore line: [Configured with: ../configure --prefix=/usr --mandir=/usr/share/man --infodir=/usr/share/info --with-bugurl=http://bugzilla.redhat.com/bugzilla --enable-bootstrap --enable-shared --enable-threads=posix --enable-checking=release --with-system-zlib --enable-__cxa_atexit --disable-libunwind-exceptions --enable-gnu-unique-object --enable-linker-build-id --with-linker-hash-style=gnu --enable-languages=c,c++,objc,obj-c++,java,fortran,ada,go,lto --enable-plugin --enable-initfini-array --disable-libgcj --with-isl=/builddir/build/BUILD/gcc-4.8.5-20150702/obj-x86_64-redhat-linux/isl-install --with-cloog=/builddir/build/BUILD/gcc-4.8.5-20150702/obj-x86_64-redhat-linux/cloog-install --enable-gnu-indirect-function --with-tune=generic --with-arch_32=x86-64 --build=x86_64-redhat-linux]
  ignore line: [Thread model: posix]
  ignore line: [gcc version 4.8.5 20150623 (Red Hat 4.8.5-28) (GCC) ]
  ignore line: [COMPILER_PATH=/usr/libexec/gcc/x86_64-redhat-linux/4.8.5/:/usr/libexec/gcc/x86_64-redhat-linux/4.8.5/:/usr/libexec/gcc/x86_64-redhat-linux/:/usr/lib/gcc/x86_64-redhat-linux/4.8.5/:/usr/lib/gcc/x86_64-redhat-linux/]
  ignore line: [LIBRARY_PATH=/usr/lib/../lib64/:/usr/local/lib/../lib64/:/usr/lib/gcc/x86_64-redhat-linux/4.8.5/:/usr/lib/gcc/x86_64-redhat-linux/4.8.5/../../../../lib64/:/lib/../lib64/:/usr/lib/../lib64/:/BIGDATA/nsccgz_pcheng_1/install/mpich/lib/:/usr/lib/:/usr/local/lib/:/home/condor/install/zlib/lib/:/home/condor/install/zlib/lib/:/home/condor/install/ncurses-5.9/lib/:/home/condor/install/bzip2-1.0.6/lib/:/home/condor/install/xz-5.2.3/lib/:./:/usr/lib/gcc/x86_64-redhat-linux/4.8.5/../../../:/lib/:/usr/lib/]
  ignore line: [COLLECT_GCC_OPTIONS='-v' '-o' 'cmTryCompileExec85628149' '-rdynamic' '-mtune=generic' '-march=x86-64']
  link line: [ /usr/libexec/gcc/x86_64-redhat-linux/4.8.5/collect2 --build-id --no-add-needed --eh-frame-hdr --hash-style=gnu -m elf_x86_64 -export-dynamic -dynamic-linker /lib64/ld-linux-x86-64.so.2 -o cmTryCompileExec85628149 /usr/lib/../lib64/crt1.o /usr/lib/../lib64/crti.o /usr/lib/gcc/x86_64-redhat-linux/4.8.5/crtbegin.o -L/usr/lib/../lib64 -L/usr/local/lib/../lib64 -L/usr/lib/gcc/x86_64-redhat-linux/4.8.5 -L/usr/lib/gcc/x86_64-redhat-linux/4.8.5/../../../../lib64 -L/lib/../lib64 -L/usr/lib/../lib64 -L/BIGDATA/nsccgz_pcheng_1/install/mpich/lib -L/usr/local/lib -L/home/condor/install/zlib/lib -L/home/condor/install/zlib/lib -L/home/condor/install/ncurses-5.9/lib -L/home/condor/install/bzip2-1.0.6/lib -L/home/condor/install/xz-5.2.3/lib -L. -L/usr/lib/gcc/x86_64-redhat-linux/4.8.5/../../.. CMakeFiles/cmTryCompileExec85628149.dir/CMakeCCompilerABI.c.o -lgcc --as-needed -lgcc_s --no-as-needed -lc -lgcc --as-needed -lgcc_s --no-as-needed /usr/lib/gcc/x86_64-redhat-linux/4.8.5/crtend.o /usr/lib/../lib64/crtn.o]
    arg [/usr/libexec/gcc/x86_64-redhat-linux/4.8.5/collect2] ==> ignore
    arg [--build-id] ==> ignore
    arg [--no-add-needed] ==> ignore
    arg [--eh-frame-hdr] ==> ignore
    arg [--hash-style=gnu] ==> ignore
    arg [-m] ==> ignore
    arg [elf_x86_64] ==> ignore
    arg [-export-dynamic] ==> ignore
    arg [-dynamic-linker] ==> ignore
    arg [/lib64/ld-linux-x86-64.so.2] ==> ignore
    arg [-o] ==> ignore
    arg [cmTryCompileExec85628149] ==> ignore
    arg [/usr/lib/../lib64/crt1.o] ==> ignore
    arg [/usr/lib/../lib64/crti.o] ==> ignore
    arg [/usr/lib/gcc/x86_64-redhat-linux/4.8.5/crtbegin.o] ==> ignore
    arg [-L/usr/lib/../lib64] ==> dir [/usr/lib/../lib64]
    arg [-L/usr/local/lib/../lib64] ==> dir [/usr/local/lib/../lib64]
    arg [-L/usr/lib/gcc/x86_64-redhat-linux/4.8.5] ==> dir [/usr/lib/gcc/x86_64-redhat-linux/4.8.5]
    arg [-L/usr/lib/gcc/x86_64-redhat-linux/4.8.5/../../../../lib64] ==> dir [/usr/lib/gcc/x86_64-redhat-linux/4.8.5/../../../../lib64]
    arg [-L/lib/../lib64] ==> dir [/lib/../lib64]
    arg [-L/usr/lib/../lib64] ==> dir [/usr/lib/../lib64]
    arg [-L/BIGDATA/nsccgz_pcheng_1/install/mpich/lib] ==> dir [/BIGDATA/nsccgz_pcheng_1/install/mpich/lib]
    arg [-L/usr/local/lib] ==> dir [/usr/local/lib]
    arg [-L/home/condor/install/zlib/lib] ==> dir [/home/condor/install/zlib/lib]
    arg [-L/home/condor/install/zlib/lib] ==> dir [/home/condor/install/zlib/lib]
    arg [-L/home/condor/install/ncurses-5.9/lib] ==> dir [/home/condor/install/ncurses-5.9/lib]
    arg [-L/home/condor/install/bzip2-1.0.6/lib] ==> dir [/home/condor/install/bzip2-1.0.6/lib]
    arg [-L/home/condor/install/xz-5.2.3/lib] ==> dir [/home/condor/install/xz-5.2.3/lib]
    arg [-L.] ==> ignore
    arg [-L/usr/lib/gcc/x86_64-redhat-linux/4.8.5/../../..] ==> dir [/usr/lib/gcc/x86_64-redhat-linux/4.8.5/../../..]
    arg [CMakeFiles/cmTryCompileExec85628149.dir/CMakeCCompilerABI.c.o] ==> ignore
    arg [-lgcc] ==> lib [gcc]
    arg [--as-needed] ==> ignore
    arg [-lgcc_s] ==> lib [gcc_s]
    arg [--no-as-needed] ==> ignore
    arg [-lc] ==> lib [c]
    arg [-lgcc] ==> lib [gcc]
    arg [--as-needed] ==> ignore
    arg [-lgcc_s] ==> lib [gcc_s]
    arg [--no-as-needed] ==> ignore
    arg [/usr/lib/gcc/x86_64-redhat-linux/4.8.5/crtend.o] ==> ignore
    arg [/usr/lib/../lib64/crtn.o] ==> ignore
  remove lib [gcc]
  remove lib [gcc_s]
  remove lib [gcc]
  remove lib [gcc_s]
  collapse library dir [/usr/lib/../lib64] ==> [/usr/lib64]
  collapse library dir [/usr/local/lib/../lib64] ==> [/usr/local/lib64]
  collapse library dir [/usr/lib/gcc/x86_64-redhat-linux/4.8.5] ==> [/usr/lib/gcc/x86_64-redhat-linux/4.8.5]
  collapse library dir [/usr/lib/gcc/x86_64-redhat-linux/4.8.5/../../../../lib64] ==> [/usr/lib64]
  collapse library dir [/lib/../lib64] ==> [/lib64]
  collapse library dir [/usr/lib/../lib64] ==> [/usr/lib64]
  collapse library dir [/BIGDATA/nsccgz_pcheng_1/install/mpich/lib] ==> [/BIGDATA/nsccgz_pcheng_1/install/mpich/lib]
  collapse library dir [/usr/local/lib] ==> [/usr/local/lib]
  collapse library dir [/home/condor/install/zlib/lib] ==> [/home/condor/install/zlib/lib]
  collapse library dir [/home/condor/install/zlib/lib] ==> [/home/condor/install/zlib/lib]
  collapse library dir [/home/condor/install/ncurses-5.9/lib] ==> [/home/condor/install/ncurses-5.9/lib]
  collapse library dir [/home/condor/install/bzip2-1.0.6/lib] ==> [/home/condor/install/bzip2-1.0.6/lib]
  collapse library dir [/home/condor/install/xz-5.2.3/lib] ==> [/home/condor/install/xz-5.2.3/lib]
  collapse library dir [/usr/lib/gcc/x86_64-redhat-linux/4.8.5/../../..] ==> [/usr/lib]
  implicit libs: [c]
  implicit dirs: [/usr/lib64;/usr/local/lib64;/usr/lib/gcc/x86_64-redhat-linux/4.8.5;/lib64;/BIGDATA/nsccgz_pcheng_1/install/mpich/lib;/usr/local/lib;/home/condor/install/zlib/lib;/home/condor/install/ncurses-5.9/lib;/home/condor/install/bzip2-1.0.6/lib;/home/condor/install/xz-5.2.3/lib;/usr/lib]
  implicit fwks: []


Determining if the CXX compiler works passed with the following output:
Change Dir: /BIGDATA/nsccgz_pcheng_1/src/octopus/build/CMakeFiles/CMakeTmp

Run Build Command:/usr/bin/gmake "cmTryCompileExec79678001/fast"
/usr/bin/gmake -f CMakeFiles/cmTryCompileExec79678001.dir/build.make CMakeFiles/cmTryCompileExec79678001.dir/build
gmake[1]: Entering directory `/BIGDATA/nsccgz_pcheng_1/src/octopus/build/CMakeFiles/CMakeTmp'
/usr/bin/cmake -E cmake_progress_report /BIGDATA/nsccgz_pcheng_1/src/octopus/build/CMakeFiles/CMakeTmp/CMakeFiles 1
Building CXX object CMakeFiles/cmTryCompileExec79678001.dir/testCXXCompiler.cxx.o
/usr/bin/c++     -o CMakeFiles/cmTryCompileExec79678001.dir/testCXXCompiler.cxx.o -c /BIGDATA/nsccgz_pcheng_1/src/octopus/build/CMakeFiles/CMakeTmp/testCXXCompiler.cxx
Linking CXX executable cmTryCompileExec79678001
/usr/bin/cmake -E cmake_link_script CMakeFiles/cmTryCompileExec79678001.dir/link.txt --verbose=1
/usr/bin/c++        CMakeFiles/cmTryCompileExec79678001.dir/testCXXCompiler.cxx.o  -o cmTryCompileExec79678001 -rdynamic 
gmake[1]: Leaving directory `/BIGDATA/nsccgz_pcheng_1/src/octopus/build/CMakeFiles/CMakeTmp'


Detecting CXX compiler ABI info compiled with the following output:
Change Dir: /BIGDATA/nsccgz_pcheng_1/src/octopus/build/CMakeFiles/CMakeTmp

Run Build Command:/usr/bin/gmake "cmTryCompileExec1614880979/fast"
/usr/bin/gmake -f CMakeFiles/cmTryCompileExec1614880979.dir/build.make CMakeFiles/cmTryCompileExec1614880979.dir/build
gmake[1]: Entering directory `/BIGDATA/nsccgz_pcheng_1/src/octopus/build/CMakeFiles/CMakeTmp'
/usr/bin/cmake -E cmake_progress_report /BIGDATA/nsccgz_pcheng_1/src/octopus/build/CMakeFiles/CMakeTmp/CMakeFiles 1
Building CXX object CMakeFiles/cmTryCompileExec1614880979.dir/CMakeCXXCompilerABI.cpp.o
/usr/bin/c++     -o CMakeFiles/cmTryCompileExec1614880979.dir/CMakeCXXCompilerABI.cpp.o -c /usr/share/cmake/Modules/CMakeCXXCompilerABI.cpp
Linking CXX executable cmTryCompileExec1614880979
/usr/bin/cmake -E cmake_link_script CMakeFiles/cmTryCompileExec1614880979.dir/link.txt --verbose=1
/usr/bin/c++      -v CMakeFiles/cmTryCompileExec1614880979.dir/CMakeCXXCompilerABI.cpp.o  -o cmTryCompileExec1614880979 -rdynamic  
Using built-in specs.
COLLECT_GCC=/usr/bin/c++
COLLECT_LTO_WRAPPER=/usr/libexec/gcc/x86_64-redhat-linux/4.8.5/lto-wrapper
Target: x86_64-redhat-linux
Configured with: ../configure --prefix=/usr --mandir=/usr/share/man --infodir=/usr/share/info --with-bugurl=http://bugzilla.redhat.com/bugzilla --enable-bootstrap --enable-shared --enable-threads=posix --enable-checking=release --with-system-zlib --enable-__cxa_atexit --disable-libunwind-exceptions --enable-gnu-unique-object --enable-linker-build-id --with-linker-hash-style=gnu --enable-languages=c,c++,objc,obj-c++,java,fortran,ada,go,lto --enable-plugin --enable-initfini-array --disable-libgcj --with-isl=/builddir/build/BUILD/gcc-4.8.5-20150702/obj-x86_64-redhat-linux/isl-install --with-cloog=/builddir/build/BUILD/gcc-4.8.5-20150702/obj-x86_64-redhat-linux/cloog-install --enable-gnu-indirect-function --with-tune=generic --with-arch_32=x86-64 --build=x86_64-redhat-linux
Thread model: posix
gcc version 4.8.5 20150623 (Red Hat 4.8.5-28) (GCC) 
COMPILER_PATH=/usr/libexec/gcc/x86_64-redhat-linux/4.8.5/:/usr/libexec/gcc/x86_64-redhat-linux/4.8.5/:/usr/libexec/gcc/x86_64-redhat-linux/:/usr/lib/gcc/x86_64-redhat-linux/4.8.5/:/usr/lib/gcc/x86_64-redhat-linux/
LIBRARY_PATH=/usr/lib/../lib64/:/usr/local/lib/../lib64/:/usr/lib/gcc/x86_64-redhat-linux/4.8.5/:/usr/lib/gcc/x86_64-redhat-linux/4.8.5/../../../../lib64/:/lib/../lib64/:/usr/lib/../lib64/:/BIGDATA/nsccgz_pcheng_1/install/mpich/lib/:/usr/lib/:/usr/local/lib/:/home/condor/install/zlib/lib/:/home/condor/install/zlib/lib/:/home/condor/install/ncurses-5.9/lib/:/home/condor/install/bzip2-1.0.6/lib/:/home/condor/install/xz-5.2.3/lib/:./:/usr/lib/gcc/x86_64-redhat-linux/4.8.5/../../../:/lib/:/usr/lib/
COLLECT_GCC_OPTIONS='-v' '-o' 'cmTryCompileExec1614880979' '-rdynamic' '-shared-libgcc' '-mtune=generic' '-march=x86-64'
 /usr/libexec/gcc/x86_64-redhat-linux/4.8.5/collect2 --build-id --no-add-needed --eh-frame-hdr --hash-style=gnu -m elf_x86_64 -export-dynamic -dynamic-linker /lib64/ld-linux-x86-64.so.2 -o cmTryCompileExec1614880979 /usr/lib/../lib64/crt1.o /usr/lib/../lib64/crti.o /usr/lib/gcc/x86_64-redhat-linux/4.8.5/crtbegin.o -L/usr/lib/../lib64 -L/usr/local/lib/../lib64 -L/usr/lib/gcc/x86_64-redhat-linux/4.8.5 -L/usr/lib/gcc/x86_64-redhat-linux/4.8.5/../../../../lib64 -L/lib/../lib64 -L/usr/lib/../lib64 -L/BIGDATA/nsccgz_pcheng_1/install/mpich/lib -L/usr/local/lib -L/home/condor/install/zlib/lib -L/home/condor/install/zlib/lib -L/home/condor/install/ncurses-5.9/lib -L/home/condor/install/bzip2-1.0.6/lib -L/home/condor/install/xz-5.2.3/lib -L. -L/usr/lib/gcc/x86_64-redhat-linux/4.8.5/../../.. CMakeFiles/cmTryCompileExec1614880979.dir/CMakeCXXCompilerABI.cpp.o -lstdc++ -lm -lgcc_s -lgcc -lc -lgcc_s -lgcc /usr/lib/gcc/x86_64-redhat-linux/4.8.5/crtend.o /usr/lib/../lib64/crtn.o
gmake[1]: Leaving directory `/BIGDATA/nsccgz_pcheng_1/src/octopus/build/CMakeFiles/CMakeTmp'


Parsed CXX implicit link information from above output:
  link line regex: [^( *|.*[/\])(ld|([^/\]+-)?ld|collect2)[^/\]*( |$)]
  ignore line: [Change Dir: /BIGDATA/nsccgz_pcheng_1/src/octopus/build/CMakeFiles/CMakeTmp]
  ignore line: []
  ignore line: [Run Build Command:/usr/bin/gmake "cmTryCompileExec1614880979/fast"]
  ignore line: [/usr/bin/gmake -f CMakeFiles/cmTryCompileExec1614880979.dir/build.make CMakeFiles/cmTryCompileExec1614880979.dir/build]
  ignore line: [gmake[1]: Entering directory `/BIGDATA/nsccgz_pcheng_1/src/octopus/build/CMakeFiles/CMakeTmp']
  ignore line: [/usr/bin/cmake -E cmake_progress_report /BIGDATA/nsccgz_pcheng_1/src/octopus/build/CMakeFiles/CMakeTmp/CMakeFiles 1]
  ignore line: [Building CXX object CMakeFiles/cmTryCompileExec1614880979.dir/CMakeCXXCompilerABI.cpp.o]
  ignore line: [/usr/bin/c++     -o CMakeFiles/cmTryCompileExec1614880979.dir/CMakeCXXCompilerABI.cpp.o -c /usr/share/cmake/Modules/CMakeCXXCompilerABI.cpp]
  ignore line: [Linking CXX executable cmTryCompileExec1614880979]
  ignore line: [/usr/bin/cmake -E cmake_link_script CMakeFiles/cmTryCompileExec1614880979.dir/link.txt --verbose=1]
  ignore line: [/usr/bin/c++      -v CMakeFiles/cmTryCompileExec1614880979.dir/CMakeCXXCompilerABI.cpp.o  -o cmTryCompileExec1614880979 -rdynamic  ]
  ignore line: [Using built-in specs.]
  ignore line: [COLLECT_GCC=/usr/bin/c++]
  ignore line: [COLLECT_LTO_WRAPPER=/usr/libexec/gcc/x86_64-redhat-linux/4.8.5/lto-wrapper]
  ignore line: [Target: x86_64-redhat-linux]
  ignore line: [Configured with: ../configure --prefix=/usr --mandir=/usr/share/man --infodir=/usr/share/info --with-bugurl=http://bugzilla.redhat.com/bugzilla --enable-bootstrap --enable-shared --enable-threads=posix --enable-checking=release --with-system-zlib --enable-__cxa_atexit --disable-libunwind-exceptions --enable-gnu-unique-object --enable-linker-build-id --with-linker-hash-style=gnu --enable-languages=c,c++,objc,obj-c++,java,fortran,ada,go,lto --enable-plugin --enable-initfini-array --disable-libgcj --with-isl=/builddir/build/BUILD/gcc-4.8.5-20150702/obj-x86_64-redhat-linux/isl-install --with-cloog=/builddir/build/BUILD/gcc-4.8.5-20150702/obj-x86_64-redhat-linux/cloog-install --enable-gnu-indirect-function --with-tune=generic --with-arch_32=x86-64 --build=x86_64-redhat-linux]
  ignore line: [Thread model: posix]
  ignore line: [gcc version 4.8.5 20150623 (Red Hat 4.8.5-28) (GCC) ]
  ignore line: [COMPILER_PATH=/usr/libexec/gcc/x86_64-redhat-linux/4.8.5/:/usr/libexec/gcc/x86_64-redhat-linux/4.8.5/:/usr/libexec/gcc/x86_64-redhat-linux/:/usr/lib/gcc/x86_64-redhat-linux/4.8.5/:/usr/lib/gcc/x86_64-redhat-linux/]
  ignore line: [LIBRARY_PATH=/usr/lib/../lib64/:/usr/local/lib/../lib64/:/usr/lib/gcc/x86_64-redhat-linux/4.8.5/:/usr/lib/gcc/x86_64-redhat-linux/4.8.5/../../../../lib64/:/lib/../lib64/:/usr/lib/../lib64/:/BIGDATA/nsccgz_pcheng_1/install/mpich/lib/:/usr/lib/:/usr/local/lib/:/home/condor/install/zlib/lib/:/home/condor/install/zlib/lib/:/home/condor/install/ncurses-5.9/lib/:/home/condor/install/bzip2-1.0.6/lib/:/home/condor/install/xz-5.2.3/lib/:./:/usr/lib/gcc/x86_64-redhat-linux/4.8.5/../../../:/lib/:/usr/lib/]
  ignore line: [COLLECT_GCC_OPTIONS='-v' '-o' 'cmTryCompileExec1614880979' '-rdynamic' '-shared-libgcc' '-mtune=generic' '-march=x86-64']
  link line: [ /usr/libexec/gcc/x86_64-redhat-linux/4.8.5/collect2 --build-id --no-add-needed --eh-frame-hdr --hash-style=gnu -m elf_x86_64 -export-dynamic -dynamic-linker /lib64/ld-linux-x86-64.so.2 -o cmTryCompileExec1614880979 /usr/lib/../lib64/crt1.o /usr/lib/../lib64/crti.o /usr/lib/gcc/x86_64-redhat-linux/4.8.5/crtbegin.o -L/usr/lib/../lib64 -L/usr/local/lib/../lib64 -L/usr/lib/gcc/x86_64-redhat-linux/4.8.5 -L/usr/lib/gcc/x86_64-redhat-linux/4.8.5/../../../../lib64 -L/lib/../lib64 -L/usr/lib/../lib64 -L/BIGDATA/nsccgz_pcheng_1/install/mpich/lib -L/usr/local/lib -L/home/condor/install/zlib/lib -L/home/condor/install/zlib/lib -L/home/condor/install/ncurses-5.9/lib -L/home/condor/install/bzip2-1.0.6/lib -L/home/condor/install/xz-5.2.3/lib -L. -L/usr/lib/gcc/x86_64-redhat-linux/4.8.5/../../.. CMakeFiles/cmTryCompileExec1614880979.dir/CMakeCXXCompilerABI.cpp.o -lstdc++ -lm -lgcc_s -lgcc -lc -lgcc_s -lgcc /usr/lib/gcc/x86_64-redhat-linux/4.8.5/crtend.o /usr/lib/../lib64/crtn.o]
    arg [/usr/libexec/gcc/x86_64-redhat-linux/4.8.5/collect2] ==> ignore
    arg [--build-id] ==> ignore
    arg [--no-add-needed] ==> ignore
    arg [--eh-frame-hdr] ==> ignore
    arg [--hash-style=gnu] ==> ignore
    arg [-m] ==> ignore
    arg [elf_x86_64] ==> ignore
    arg [-export-dynamic] ==> ignore
    arg [-dynamic-linker] ==> ignore
    arg [/lib64/ld-linux-x86-64.so.2] ==> ignore
    arg [-o] ==> ignore
    arg [cmTryCompileExec1614880979] ==> ignore
    arg [/usr/lib/../lib64/crt1.o] ==> ignore
    arg [/usr/lib/../lib64/crti.o] ==> ignore
    arg [/usr/lib/gcc/x86_64-redhat-linux/4.8.5/crtbegin.o] ==> ignore
    arg [-L/usr/lib/../lib64] ==> dir [/usr/lib/../lib64]
    arg [-L/usr/local/lib/../lib64] ==> dir [/usr/local/lib/../lib64]
    arg [-L/usr/lib/gcc/x86_64-redhat-linux/4.8.5] ==> dir [/usr/lib/gcc/x86_64-redhat-linux/4.8.5]
    arg [-L/usr/lib/gcc/x86_64-redhat-linux/4.8.5/../../../../lib64] ==> dir [/usr/lib/gcc/x86_64-redhat-linux/4.8.5/../../../../lib64]
    arg [-L/lib/../lib64] ==> dir [/lib/../lib64]
    arg [-L/usr/lib/../lib64] ==> dir [/usr/lib/../lib64]
    arg [-L/BIGDATA/nsccgz_pcheng_1/install/mpich/lib] ==> dir [/BIGDATA/nsccgz_pcheng_1/install/mpich/lib]
    arg [-L/usr/local/lib] ==> dir [/usr/local/lib]
    arg [-L/home/condor/install/zlib/lib] ==> dir [/home/condor/install/zlib/lib]
    arg [-L/home/condor/install/zlib/lib] ==> dir [/home/condor/install/zlib/lib]
    arg [-L/home/condor/install/ncurses-5.9/lib] ==> dir [/home/condor/install/ncurses-5.9/lib]
    arg [-L/home/condor/install/bzip2-1.0.6/lib] ==> dir [/home/condor/install/bzip2-1.0.6/lib]
    arg [-L/home/condor/install/xz-5.2.3/lib] ==> dir [/home/condor/install/xz-5.2.3/lib]
    arg [-L.] ==> ignore
    arg [-L/usr/lib/gcc/x86_64-redhat-linux/4.8.5/../../..] ==> dir [/usr/lib/gcc/x86_64-redhat-linux/4.8.5/../../..]
    arg [CMakeFiles/cmTryCompileExec1614880979.dir/CMakeCXXCompilerABI.cpp.o] ==> ignore
    arg [-lstdc++] ==> lib [stdc++]
    arg [-lm] ==> lib [m]
    arg [-lgcc_s] ==> lib [gcc_s]
    arg [-lgcc] ==> lib [gcc]
    arg [-lc] ==> lib [c]
    arg [-lgcc_s] ==> lib [gcc_s]
    arg [-lgcc] ==> lib [gcc]
    arg [/usr/lib/gcc/x86_64-redhat-linux/4.8.5/crtend.o] ==> ignore
    arg [/usr/lib/../lib64/crtn.o] ==> ignore
  remove lib [gcc_s]
  remove lib [gcc]
  remove lib [gcc_s]
  remove lib [gcc]
  collapse library dir [/usr/lib/../lib64] ==> [/usr/lib64]
  collapse library dir [/usr/local/lib/../lib64] ==> [/usr/local/lib64]
  collapse library dir [/usr/lib/gcc/x86_64-redhat-linux/4.8.5] ==> [/usr/lib/gcc/x86_64-redhat-linux/4.8.5]
  collapse library dir [/usr/lib/gcc/x86_64-redhat-linux/4.8.5/../../../../lib64] ==> [/usr/lib64]
  collapse library dir [/lib/../lib64] ==> [/lib64]
  collapse library dir [/usr/lib/../lib64] ==> [/usr/lib64]
  collapse library dir [/BIGDATA/nsccgz_pcheng_1/install/mpich/lib] ==> [/BIGDATA/nsccgz_pcheng_1/install/mpich/lib]
  collapse library dir [/usr/local/lib] ==> [/usr/local/lib]
  collapse library dir [/home/condor/install/zlib/lib] ==> [/home/condor/install/zlib/lib]
  collapse library dir [/home/condor/install/zlib/lib] ==> [/home/condor/install/zlib/lib]
  collapse library dir [/home/condor/install/ncurses-5.9/lib] ==> [/home/condor/install/ncurses-5.9/lib]
  collapse library dir [/home/condor/install/bzip2-1.0.6/lib] ==> [/home/condor/install/bzip2-1.0.6/lib]
  collapse library dir [/home/condor/install/xz-5.2.3/lib] ==> [/home/condor/install/xz-5.2.3/lib]
  collapse library dir [/usr/lib/gcc/x86_64-redhat-linux/4.8.5/../../..] ==> [/usr/lib]
  implicit libs: [stdc++;m;c]
  implicit dirs: [/usr/lib64;/usr/local/lib64;/usr/lib/gcc/x86_64-redhat-linux/4.8.5;/lib64;/BIGDATA/nsccgz_pcheng_1/install/mpich/lib;/usr/local/lib;/home/condor/install/zlib/lib;/home/condor/install/ncurses-5.9/lib;/home/condor/install/bzip2-1.0.6/lib;/home/condor/install/xz-5.2.3/lib;/usr/lib]
  implicit fwks: []


Determining if files pthread.h exist passed with the following output:
Change Dir: /BIGDATA/nsccgz_pcheng_1/src/octopus/build/CMakeFiles/CMakeTmp

Run Build Command:/usr/bin/gmake "cmTryCompileExec2565607736/fast"
/usr/bin/gmake -f CMakeFiles/cmTryCompileExec2565607736.dir/build.make CMakeFiles/cmTryCompileExec2565607736.dir/build
gmake[1]: Entering directory `/BIGDATA/nsccgz_pcheng_1/src/octopus/build/CMakeFiles/CMakeTmp'
/usr/bin/cmake -E cmake_progress_report /BIGDATA/nsccgz_pcheng_1/src/octopus/build/CMakeFiles/CMakeTmp/CMakeFiles 1
Building C object CMakeFiles/cmTryCompileExec2565607736.dir/CheckIncludeFiles.c.o
/usr/bin/cc   -Wall -Wno-deprecated-declarations -Wsign-compare    -o CMakeFiles/cmTryCompileExec2565607736.dir/CheckIncludeFiles.c.o   -c /BIGDATA/nsccgz_pcheng_1/src/octopus/build/CMakeFiles/CMakeTmp/CheckIncludeFiles.c
Linking C executable cmTryCompileExec2565607736
/usr/bin/cmake -E cmake_link_script CMakeFiles/cmTryCompileExec2565607736.dir/link.txt --verbose=1
/usr/bin/cc  -Wall -Wno-deprecated-declarations -Wsign-compare     CMakeFiles/cmTryCompileExec2565607736.dir/CheckIncludeFiles.c.o  -o cmTryCompileExec2565607736 -rdynamic 
gmake[1]: Leaving directory `/BIGDATA/nsccgz_pcheng_1/src/octopus/build/CMakeFiles/CMakeTmp'


Determining if the function pthread_create exists in the pthread passed with the following output:
Change Dir: /BIGDATA/nsccgz_pcheng_1/src/octopus/build/CMakeFiles/CMakeTmp

Run Build Command:/usr/bin/gmake "cmTryCompileExec205174737/fast"
/usr/bin/gmake -f CMakeFiles/cmTryCompileExec205174737.dir/build.make CMakeFiles/cmTryCompileExec205174737.dir/build
gmake[1]: Entering directory `/BIGDATA/nsccgz_pcheng_1/src/octopus/build/CMakeFiles/CMakeTmp'
/usr/bin/cmake -E cmake_progress_report /BIGDATA/nsccgz_pcheng_1/src/octopus/build/CMakeFiles/CMakeTmp/CMakeFiles 1
Building C object CMakeFiles/cmTryCompileExec205174737.dir/CheckFunctionExists.c.o
/usr/bin/cc   -Wall -Wno-deprecated-declarations -Wsign-compare -DCHECK_FUNCTION_EXISTS=pthread_create   -o CMakeFiles/cmTryCompileExec205174737.dir/CheckFunctionExists.c.o   -c /usr/share/cmake/Modules/CheckFunctionExists.c
Linking C executable cmTryCompileExec205174737
/usr/bin/cmake -E cmake_link_script CMakeFiles/cmTryCompileExec205174737.dir/link.txt --verbose=1
/usr/bin/cc  -Wall -Wno-deprecated-declarations -Wsign-compare -DCHECK_FUNCTION_EXISTS=pthread_create    CMakeFiles/cmTryCompileExec205174737.dir/CheckFunctionExists.c.o  -o cmTryCompileExec205174737 -rdynamic -lpthread 
gmake[1]: Leaving directory `/BIGDATA/nsccgz_pcheng_1/src/octopus/build/CMakeFiles/CMakeTmp'


The system is: Linux - 3.10.0-327.3.1.el7_lustre.x86_64 - x86_64
Compiling the C compiler identification source file "CMakeCCompilerId.c" succeeded.
Compiler: /usr/bin/cc 
Build flags: 
Id flags:  

The output was:
0


Compilation of the C compiler identification source "CMakeCCompilerId.c" produced "a.out"

The C compiler identification is GNU, found in "/BIGDATA/nsccgz_pcheng_1/src/octopus/build/CMakeFiles/3.14.0/CompilerIdC/a.out"

Compiling the CXX compiler identification source file "CMakeCXXCompilerId.cpp" succeeded.
Compiler: /usr/bin/c++ 
Build flags: 
Id flags:  

The output was:
0


Compilation of the CXX compiler identification source "CMakeCXXCompilerId.cpp" produced "a.out"

The CXX compiler identification is GNU, found in "/BIGDATA/nsccgz_pcheng_1/src/octopus/build/CMakeFiles/3.14.0/CompilerIdCXX/a.out"

Determining if the C compiler works passed with the following output:
Change Dir: /BIGDATA/nsccgz_pcheng_1/src/octopus/build/CMakeFiles/CMakeTmp

Run Build Command(s):/usr/bin/gmake cmTC_84637/fast 
gmake[1]: Entering directory `/BIGDATA/nsccgz_pcheng_1/src/octopus/build/CMakeFiles/CMakeTmp'
/usr/bin/gmake -f CMakeFiles/cmTC_84637.dir/build.make CMakeFiles/cmTC_84637.dir/build
gmake[2]: Entering directory `/BIGDATA/nsccgz_pcheng_1/src/octopus/build/CMakeFiles/CMakeTmp'
Building C object CMakeFiles/cmTC_84637.dir/testCCompiler.c.o
/usr/bin/cc    -o CMakeFiles/cmTC_84637.dir/testCCompiler.c.o   -c /BIGDATA/nsccgz_pcheng_1/src/octopus/build/CMakeFiles/CMakeTmp/testCCompiler.c
Linking C executable cmTC_84637
/usr/local/bin/cmake -E cmake_link_script CMakeFiles/cmTC_84637.dir/link.txt --verbose=1
/usr/bin/cc      -rdynamic CMakeFiles/cmTC_84637.dir/testCCompiler.c.o  -o cmTC_84637 
gmake[2]: Leaving directory `/BIGDATA/nsccgz_pcheng_1/src/octopus/build/CMakeFiles/CMakeTmp'
gmake[1]: Leaving directory `/BIGDATA/nsccgz_pcheng_1/src/octopus/build/CMakeFiles/CMakeTmp'


Detecting C compiler ABI info compiled with the following output:
Change Dir: /BIGDATA/nsccgz_pcheng_1/src/octopus/build/CMakeFiles/CMakeTmp

Run Build Command(s):/usr/bin/gmake cmTC_63c72/fast 
gmake[1]: Entering directory `/BIGDATA/nsccgz_pcheng_1/src/octopus/build/CMakeFiles/CMakeTmp'
/usr/bin/gmake -f CMakeFiles/cmTC_63c72.dir/build.make CMakeFiles/cmTC_63c72.dir/build
gmake[2]: Entering directory `/BIGDATA/nsccgz_pcheng_1/src/octopus/build/CMakeFiles/CMakeTmp'
Building C object CMakeFiles/cmTC_63c72.dir/CMakeCCompilerABI.c.o
/usr/bin/cc   -v -o CMakeFiles/cmTC_63c72.dir/CMakeCCompilerABI.c.o   -c /usr/local/share/cmake-3.14/Modules/CMakeCCompilerABI.c
Using built-in specs.
COLLECT_GCC=/usr/bin/cc
Target: x86_64-redhat-linux
Configured with: ../configure --prefix=/usr --mandir=/usr/share/man --infodir=/usr/share/info --with-bugurl=http://bugzilla.redhat.com/bugzilla --enable-bootstrap --enable-shared --enable-threads=posix --enable-checking=release --with-system-zlib --enable-__cxa_atexit --disable-libunwind-exceptions --enable-gnu-unique-object --enable-linker-build-id --with-linker-hash-style=gnu --enable-languages=c,c++,objc,obj-c++,java,fortran,ada,go,lto --enable-plugin --enable-initfini-array --disable-libgcj --with-isl=/builddir/build/BUILD/gcc-4.8.5-20150702/obj-x86_64-redhat-linux/isl-install --with-cloog=/builddir/build/BUILD/gcc-4.8.5-20150702/obj-x86_64-redhat-linux/cloog-install --enable-gnu-indirect-function --with-tune=generic --with-arch_32=x86-64 --build=x86_64-redhat-linux
Thread model: posix
gcc version 4.8.5 20150623 (Red Hat 4.8.5-36) (GCC) 
COLLECT_GCC_OPTIONS='-v' '-o' 'CMakeFiles/cmTC_63c72.dir/CMakeCCompilerABI.c.o' '-c' '-mtune=generic' '-march=x86-64'
 /usr/libexec/gcc/x86_64-redhat-linux/4.8.5/cc1 -quiet -v /usr/local/share/cmake-3.14/Modules/CMakeCCompilerABI.c -quiet -dumpbase CMakeCCompilerABI.c -mtune=generic -march=x86-64 -auxbase-strip CMakeFiles/cmTC_63c72.dir/CMakeCCompilerABI.c.o -version -o /tmp/ccRfSZ0U.s
GNU C (GCC) version 4.8.5 20150623 (Red Hat 4.8.5-36) (x86_64-redhat-linux)
	compiled by GNU C version 4.8.5 20150623 (Red Hat 4.8.5-36), GMP version 6.0.0, MPFR version 3.1.1, MPC version 1.0.1
GGC heuristics: --param ggc-min-expand=100 --param ggc-min-heapsize=131072
ignoring nonexistent directory "/usr/lib/gcc/x86_64-redhat-linux/4.8.5/include-fixed"
ignoring nonexistent directory "/usr/lib/gcc/x86_64-redhat-linux/4.8.5/../../../../x86_64-redhat-linux/include"
#include "..." search starts here:
#include <...> search starts here:
 /usr/lib/gcc/x86_64-redhat-linux/4.8.5/include
 /usr/local/include
 /usr/include
End of search list.
GNU C (GCC) version 4.8.5 20150623 (Red Hat 4.8.5-36) (x86_64-redhat-linux)
	compiled by GNU C version 4.8.5 20150623 (Red Hat 4.8.5-36), GMP version 6.0.0, MPFR version 3.1.1, MPC version 1.0.1
GGC heuristics: --param ggc-min-expand=100 --param ggc-min-heapsize=131072
Compiler executable checksum: 592abcad67b46aec035d56e51f71d007
COLLECT_GCC_OPTIONS='-v' '-o' 'CMakeFiles/cmTC_63c72.dir/CMakeCCompilerABI.c.o' '-c' '-mtune=generic' '-march=x86-64'
 as -v --64 -o CMakeFiles/cmTC_63c72.dir/CMakeCCompilerABI.c.o /tmp/ccRfSZ0U.s
GNU assembler version 2.23.52.0.1 (x86_64-redhat-linux) using BFD version version 2.23.52.0.1-55.el7 20130226
COMPILER_PATH=/usr/libexec/gcc/x86_64-redhat-linux/4.8.5/:/usr/libexec/gcc/x86_64-redhat-linux/4.8.5/:/usr/libexec/gcc/x86_64-redhat-linux/:/usr/lib/gcc/x86_64-redhat-linux/4.8.5/:/usr/lib/gcc/x86_64-redhat-linux/
LIBRARY_PATH=/usr/lib/../lib64/:/usr/local/lib/../lib64/:/usr/lib/../lib64/:/usr/local/lib/../lib64/:/usr/lib/gcc/x86_64-redhat-linux/4.8.5/:/usr/lib/gcc/x86_64-redhat-linux/4.8.5/../../../../lib64/:/lib/../lib64/:/usr/lib/../lib64/:/BIGDATA/nsccgz_pcheng_1/install/mpich/lib/:/usr/lib/:/usr/local/lib/:/home/condor/install/zlib/lib/:/home/condor/install/zlib/lib/:/home/condor/install/ncurses-5.9/lib/:/home/condor/install/xz-5.2.3/lib/:/BIGDATA/nsccgz_pcheng_1/install/mpich/lib/:/usr/lib/:/usr/local/lib/:/home/condor/install/zlib/lib/:/home/condor/install/zlib/lib/:/home/condor/install/ncurses-5.9/lib/:/home/condor/install/xz-5.2.3/lib/:./:/usr/lib/gcc/x86_64-redhat-linux/4.8.5/../../../:/lib/:/usr/lib/
COLLECT_GCC_OPTIONS='-v' '-o' 'CMakeFiles/cmTC_63c72.dir/CMakeCCompilerABI.c.o' '-c' '-mtune=generic' '-march=x86-64'
Linking C executable cmTC_63c72
/usr/local/bin/cmake -E cmake_link_script CMakeFiles/cmTC_63c72.dir/link.txt --verbose=1
/usr/bin/cc     -v -rdynamic CMakeFiles/cmTC_63c72.dir/CMakeCCompilerABI.c.o  -o cmTC_63c72 
Using built-in specs.
COLLECT_GCC=/usr/bin/cc
COLLECT_LTO_WRAPPER=/usr/libexec/gcc/x86_64-redhat-linux/4.8.5/lto-wrapper
Target: x86_64-redhat-linux
Configured with: ../configure --prefix=/usr --mandir=/usr/share/man --infodir=/usr/share/info --with-bugurl=http://bugzilla.redhat.com/bugzilla --enable-bootstrap --enable-shared --enable-threads=posix --enable-checking=release --with-system-zlib --enable-__cxa_atexit --disable-libunwind-exceptions --enable-gnu-unique-object --enable-linker-build-id --with-linker-hash-style=gnu --enable-languages=c,c++,objc,obj-c++,java,fortran,ada,go,lto --enable-plugin --enable-initfini-array --disable-libgcj --with-isl=/builddir/build/BUILD/gcc-4.8.5-20150702/obj-x86_64-redhat-linux/isl-install --with-cloog=/builddir/build/BUILD/gcc-4.8.5-20150702/obj-x86_64-redhat-linux/cloog-install --enable-gnu-indirect-function --with-tune=generic --with-arch_32=x86-64 --build=x86_64-redhat-linux
Thread model: posix
gcc version 4.8.5 20150623 (Red Hat 4.8.5-36) (GCC) 
COMPILER_PATH=/usr/libexec/gcc/x86_64-redhat-linux/4.8.5/:/usr/libexec/gcc/x86_64-redhat-linux/4.8.5/:/usr/libexec/gcc/x86_64-redhat-linux/:/usr/lib/gcc/x86_64-redhat-linux/4.8.5/:/usr/lib/gcc/x86_64-redhat-linux/
LIBRARY_PATH=/usr/lib/../lib64/:/usr/local/lib/../lib64/:/usr/lib/../lib64/:/usr/local/lib/../lib64/:/usr/lib/gcc/x86_64-redhat-linux/4.8.5/:/usr/lib/gcc/x86_64-redhat-linux/4.8.5/../../../../lib64/:/lib/../lib64/:/usr/lib/../lib64/:/BIGDATA/nsccgz_pcheng_1/install/mpich/lib/:/usr/lib/:/usr/local/lib/:/home/condor/install/zlib/lib/:/home/condor/install/zlib/lib/:/home/condor/install/ncurses-5.9/lib/:/home/condor/install/xz-5.2.3/lib/:/BIGDATA/nsccgz_pcheng_1/install/mpich/lib/:/usr/lib/:/usr/local/lib/:/home/condor/install/zlib/lib/:/home/condor/install/zlib/lib/:/home/condor/install/ncurses-5.9/lib/:/home/condor/install/xz-5.2.3/lib/:./:/usr/lib/gcc/x86_64-redhat-linux/4.8.5/../../../:/lib/:/usr/lib/
COLLECT_GCC_OPTIONS='-v' '-rdynamic' '-o' 'cmTC_63c72' '-mtune=generic' '-march=x86-64'
 /usr/libexec/gcc/x86_64-redhat-linux/4.8.5/collect2 --build-id --no-add-needed --eh-frame-hdr --hash-style=gnu -m elf_x86_64 -export-dynamic -dynamic-linker /lib64/ld-linux-x86-64.so.2 -o cmTC_63c72 /usr/lib/../lib64/crt1.o /usr/lib/../lib64/crti.o /usr/lib/gcc/x86_64-redhat-linux/4.8.5/crtbegin.o -L/usr/lib/../lib64 -L/usr/local/lib/../lib64 -L/usr/lib/../lib64 -L/usr/local/lib/../lib64 -L/usr/lib/gcc/x86_64-redhat-linux/4.8.5 -L/usr/lib/gcc/x86_64-redhat-linux/4.8.5/../../../../lib64 -L/lib/../lib64 -L/usr/lib/../lib64 -L/BIGDATA/nsccgz_pcheng_1/install/mpich/lib -L/usr/local/lib -L/home/condor/install/zlib/lib -L/home/condor/install/zlib/lib -L/home/condor/install/ncurses-5.9/lib -L/home/condor/install/xz-5.2.3/lib -L/BIGDATA/nsccgz_pcheng_1/install/mpich/lib -L/usr/local/lib -L/home/condor/install/zlib/lib -L/home/condor/install/zlib/lib -L/home/condor/install/ncurses-5.9/lib -L/home/condor/install/xz-5.2.3/lib -L. -L/usr/lib/gcc/x86_64-redhat-linux/4.8.5/../../.. CMakeFiles/cmTC_63c72.dir/CMakeCCompilerABI.c.o -lgcc --as-needed -lgcc_s --no-as-needed -lc -lgcc --as-needed -lgcc_s --no-as-needed /usr/lib/gcc/x86_64-redhat-linux/4.8.5/crtend.o /usr/lib/../lib64/crtn.o
gmake[2]: Leaving directory `/BIGDATA/nsccgz_pcheng_1/src/octopus/build/CMakeFiles/CMakeTmp'
gmake[1]: Leaving directory `/BIGDATA/nsccgz_pcheng_1/src/octopus/build/CMakeFiles/CMakeTmp'


Parsed C implicit include dir info from above output: rv=done
  found start of include info
  found start of implicit include info
    add: [/usr/lib/gcc/x86_64-redhat-linux/4.8.5/include]
    add: [/usr/local/include]
    add: [/usr/include]
  end of search list found
  implicit include dirs: [/usr/lib/gcc/x86_64-redhat-linux/4.8.5/include;/usr/local/include;/usr/include]


Parsed C implicit link information from above output:
  link line regex: [^( *|.*[/\])(ld|CMAKE_LINK_STARTFILE-NOTFOUND|([^/\]+-)?ld|collect2)[^/\]*( |$)]
  ignore line: [Change Dir: /BIGDATA/nsccgz_pcheng_1/src/octopus/build/CMakeFiles/CMakeTmp]
  ignore line: []
  ignore line: [Run Build Command(s):/usr/bin/gmake cmTC_63c72/fast ]
  ignore line: [gmake[1]: Entering directory `/BIGDATA/nsccgz_pcheng_1/src/octopus/build/CMakeFiles/CMakeTmp']
  ignore line: [/usr/bin/gmake -f CMakeFiles/cmTC_63c72.dir/build.make CMakeFiles/cmTC_63c72.dir/build]
  ignore line: [gmake[2]: Entering directory `/BIGDATA/nsccgz_pcheng_1/src/octopus/build/CMakeFiles/CMakeTmp']
  ignore line: [Building C object CMakeFiles/cmTC_63c72.dir/CMakeCCompilerABI.c.o]
  ignore line: [/usr/bin/cc   -v -o CMakeFiles/cmTC_63c72.dir/CMakeCCompilerABI.c.o   -c /usr/local/share/cmake-3.14/Modules/CMakeCCompilerABI.c]
  ignore line: [Using built-in specs.]
  ignore line: [COLLECT_GCC=/usr/bin/cc]
  ignore line: [Target: x86_64-redhat-linux]
  ignore line: [Configured with: ../configure --prefix=/usr --mandir=/usr/share/man --infodir=/usr/share/info --with-bugurl=http://bugzilla.redhat.com/bugzilla --enable-bootstrap --enable-shared --enable-threads=posix --enable-checking=release --with-system-zlib --enable-__cxa_atexit --disable-libunwind-exceptions --enable-gnu-unique-object --enable-linker-build-id --with-linker-hash-style=gnu --enable-languages=c,c++,objc,obj-c++,java,fortran,ada,go,lto --enable-plugin --enable-initfini-array --disable-libgcj --with-isl=/builddir/build/BUILD/gcc-4.8.5-20150702/obj-x86_64-redhat-linux/isl-install --with-cloog=/builddir/build/BUILD/gcc-4.8.5-20150702/obj-x86_64-redhat-linux/cloog-install --enable-gnu-indirect-function --with-tune=generic --with-arch_32=x86-64 --build=x86_64-redhat-linux]
  ignore line: [Thread model: posix]
  ignore line: [gcc version 4.8.5 20150623 (Red Hat 4.8.5-36) (GCC) ]
  ignore line: [COLLECT_GCC_OPTIONS='-v' '-o' 'CMakeFiles/cmTC_63c72.dir/CMakeCCompilerABI.c.o' '-c' '-mtune=generic' '-march=x86-64']
  ignore line: [ /usr/libexec/gcc/x86_64-redhat-linux/4.8.5/cc1 -quiet -v /usr/local/share/cmake-3.14/Modules/CMakeCCompilerABI.c -quiet -dumpbase CMakeCCompilerABI.c -mtune=generic -march=x86-64 -auxbase-strip CMakeFiles/cmTC_63c72.dir/CMakeCCompilerABI.c.o -version -o /tmp/ccRfSZ0U.s]
  ignore line: [GNU C (GCC) version 4.8.5 20150623 (Red Hat 4.8.5-36) (x86_64-redhat-linux)]
  ignore line: [	compiled by GNU C version 4.8.5 20150623 (Red Hat 4.8.5-36), GMP version 6.0.0, MPFR version 3.1.1, MPC version 1.0.1]
  ignore line: [GGC heuristics: --param ggc-min-expand=100 --param ggc-min-heapsize=131072]
  ignore line: [ignoring nonexistent directory "/usr/lib/gcc/x86_64-redhat-linux/4.8.5/include-fixed"]
  ignore line: [ignoring nonexistent directory "/usr/lib/gcc/x86_64-redhat-linux/4.8.5/../../../../x86_64-redhat-linux/include"]
  ignore line: [#include "..." search starts here:]
  ignore line: [#include <...> search starts here:]
  ignore line: [ /usr/lib/gcc/x86_64-redhat-linux/4.8.5/include]
  ignore line: [ /usr/local/include]
  ignore line: [ /usr/include]
  ignore line: [End of search list.]
  ignore line: [GNU C (GCC) version 4.8.5 20150623 (Red Hat 4.8.5-36) (x86_64-redhat-linux)]
  ignore line: [	compiled by GNU C version 4.8.5 20150623 (Red Hat 4.8.5-36), GMP version 6.0.0, MPFR version 3.1.1, MPC version 1.0.1]
  ignore line: [GGC heuristics: --param ggc-min-expand=100 --param ggc-min-heapsize=131072]
  ignore line: [Compiler executable checksum: 592abcad67b46aec035d56e51f71d007]
  ignore line: [COLLECT_GCC_OPTIONS='-v' '-o' 'CMakeFiles/cmTC_63c72.dir/CMakeCCompilerABI.c.o' '-c' '-mtune=generic' '-march=x86-64']
  ignore line: [ as -v --64 -o CMakeFiles/cmTC_63c72.dir/CMakeCCompilerABI.c.o /tmp/ccRfSZ0U.s]
  ignore line: [GNU assembler version 2.23.52.0.1 (x86_64-redhat-linux) using BFD version version 2.23.52.0.1-55.el7 20130226]
  ignore line: [COMPILER_PATH=/usr/libexec/gcc/x86_64-redhat-linux/4.8.5/:/usr/libexec/gcc/x86_64-redhat-linux/4.8.5/:/usr/libexec/gcc/x86_64-redhat-linux/:/usr/lib/gcc/x86_64-redhat-linux/4.8.5/:/usr/lib/gcc/x86_64-redhat-linux/]
  ignore line: [LIBRARY_PATH=/usr/lib/../lib64/:/usr/local/lib/../lib64/:/usr/lib/../lib64/:/usr/local/lib/../lib64/:/usr/lib/gcc/x86_64-redhat-linux/4.8.5/:/usr/lib/gcc/x86_64-redhat-linux/4.8.5/../../../../lib64/:/lib/../lib64/:/usr/lib/../lib64/:/BIGDATA/nsccgz_pcheng_1/install/mpich/lib/:/usr/lib/:/usr/local/lib/:/home/condor/install/zlib/lib/:/home/condor/install/zlib/lib/:/home/condor/install/ncurses-5.9/lib/:/home/condor/install/xz-5.2.3/lib/:/BIGDATA/nsccgz_pcheng_1/install/mpich/lib/:/usr/lib/:/usr/local/lib/:/home/condor/install/zlib/lib/:/home/condor/install/zlib/lib/:/home/condor/install/ncurses-5.9/lib/:/home/condor/install/xz-5.2.3/lib/:./:/usr/lib/gcc/x86_64-redhat-linux/4.8.5/../../../:/lib/:/usr/lib/]
  ignore line: [COLLECT_GCC_OPTIONS='-v' '-o' 'CMakeFiles/cmTC_63c72.dir/CMakeCCompilerABI.c.o' '-c' '-mtune=generic' '-march=x86-64']
  ignore line: [Linking C executable cmTC_63c72]
  ignore line: [/usr/local/bin/cmake -E cmake_link_script CMakeFiles/cmTC_63c72.dir/link.txt --verbose=1]
  ignore line: [/usr/bin/cc     -v -rdynamic CMakeFiles/cmTC_63c72.dir/CMakeCCompilerABI.c.o  -o cmTC_63c72 ]
  ignore line: [Using built-in specs.]
  ignore line: [COLLECT_GCC=/usr/bin/cc]
  ignore line: [COLLECT_LTO_WRAPPER=/usr/libexec/gcc/x86_64-redhat-linux/4.8.5/lto-wrapper]
  ignore line: [Target: x86_64-redhat-linux]
  ignore line: [Configured with: ../configure --prefix=/usr --mandir=/usr/share/man --infodir=/usr/share/info --with-bugurl=http://bugzilla.redhat.com/bugzilla --enable-bootstrap --enable-shared --enable-threads=posix --enable-checking=release --with-system-zlib --enable-__cxa_atexit --disable-libunwind-exceptions --enable-gnu-unique-object --enable-linker-build-id --with-linker-hash-style=gnu --enable-languages=c,c++,objc,obj-c++,java,fortran,ada,go,lto --enable-plugin --enable-initfini-array --disable-libgcj --with-isl=/builddir/build/BUILD/gcc-4.8.5-20150702/obj-x86_64-redhat-linux/isl-install --with-cloog=/builddir/build/BUILD/gcc-4.8.5-20150702/obj-x86_64-redhat-linux/cloog-install --enable-gnu-indirect-function --with-tune=generic --with-arch_32=x86-64 --build=x86_64-redhat-linux]
  ignore line: [Thread model: posix]
  ignore line: [gcc version 4.8.5 20150623 (Red Hat 4.8.5-36) (GCC) ]
  ignore line: [COMPILER_PATH=/usr/libexec/gcc/x86_64-redhat-linux/4.8.5/:/usr/libexec/gcc/x86_64-redhat-linux/4.8.5/:/usr/libexec/gcc/x86_64-redhat-linux/:/usr/lib/gcc/x86_64-redhat-linux/4.8.5/:/usr/lib/gcc/x86_64-redhat-linux/]
  ignore line: [LIBRARY_PATH=/usr/lib/../lib64/:/usr/local/lib/../lib64/:/usr/lib/../lib64/:/usr/local/lib/../lib64/:/usr/lib/gcc/x86_64-redhat-linux/4.8.5/:/usr/lib/gcc/x86_64-redhat-linux/4.8.5/../../../../lib64/:/lib/../lib64/:/usr/lib/../lib64/:/BIGDATA/nsccgz_pcheng_1/install/mpich/lib/:/usr/lib/:/usr/local/lib/:/home/condor/install/zlib/lib/:/home/condor/install/zlib/lib/:/home/condor/install/ncurses-5.9/lib/:/home/condor/install/xz-5.2.3/lib/:/BIGDATA/nsccgz_pcheng_1/install/mpich/lib/:/usr/lib/:/usr/local/lib/:/home/condor/install/zlib/lib/:/home/condor/install/zlib/lib/:/home/condor/install/ncurses-5.9/lib/:/home/condor/install/xz-5.2.3/lib/:./:/usr/lib/gcc/x86_64-redhat-linux/4.8.5/../../../:/lib/:/usr/lib/]
  ignore line: [COLLECT_GCC_OPTIONS='-v' '-rdynamic' '-o' 'cmTC_63c72' '-mtune=generic' '-march=x86-64']
  link line: [ /usr/libexec/gcc/x86_64-redhat-linux/4.8.5/collect2 --build-id --no-add-needed --eh-frame-hdr --hash-style=gnu -m elf_x86_64 -export-dynamic -dynamic-linker /lib64/ld-linux-x86-64.so.2 -o cmTC_63c72 /usr/lib/../lib64/crt1.o /usr/lib/../lib64/crti.o /usr/lib/gcc/x86_64-redhat-linux/4.8.5/crtbegin.o -L/usr/lib/../lib64 -L/usr/local/lib/../lib64 -L/usr/lib/../lib64 -L/usr/local/lib/../lib64 -L/usr/lib/gcc/x86_64-redhat-linux/4.8.5 -L/usr/lib/gcc/x86_64-redhat-linux/4.8.5/../../../../lib64 -L/lib/../lib64 -L/usr/lib/../lib64 -L/BIGDATA/nsccgz_pcheng_1/install/mpich/lib -L/usr/local/lib -L/home/condor/install/zlib/lib -L/home/condor/install/zlib/lib -L/home/condor/install/ncurses-5.9/lib -L/home/condor/install/xz-5.2.3/lib -L/BIGDATA/nsccgz_pcheng_1/install/mpich/lib -L/usr/local/lib -L/home/condor/install/zlib/lib -L/home/condor/install/zlib/lib -L/home/condor/install/ncurses-5.9/lib -L/home/condor/install/xz-5.2.3/lib -L. -L/usr/lib/gcc/x86_64-redhat-linux/4.8.5/../../.. CMakeFiles/cmTC_63c72.dir/CMakeCCompilerABI.c.o -lgcc --as-needed -lgcc_s --no-as-needed -lc -lgcc --as-needed -lgcc_s --no-as-needed /usr/lib/gcc/x86_64-redhat-linux/4.8.5/crtend.o /usr/lib/../lib64/crtn.o]
    arg [/usr/libexec/gcc/x86_64-redhat-linux/4.8.5/collect2] ==> ignore
    arg [--build-id] ==> ignore
    arg [--no-add-needed] ==> ignore
    arg [--eh-frame-hdr] ==> ignore
    arg [--hash-style=gnu] ==> ignore
    arg [-m] ==> ignore
    arg [elf_x86_64] ==> ignore
    arg [-export-dynamic] ==> ignore
    arg [-dynamic-linker] ==> ignore
    arg [/lib64/ld-linux-x86-64.so.2] ==> ignore
    arg [-o] ==> ignore
    arg [cmTC_63c72] ==> ignore
    arg [/usr/lib/../lib64/crt1.o] ==> ignore
    arg [/usr/lib/../lib64/crti.o] ==> ignore
    arg [/usr/lib/gcc/x86_64-redhat-linux/4.8.5/crtbegin.o] ==> ignore
    arg [-L/usr/lib/../lib64] ==> dir [/usr/lib/../lib64]
    arg [-L/usr/local/lib/../lib64] ==> dir [/usr/local/lib/../lib64]
    arg [-L/usr/lib/../lib64] ==> dir [/usr/lib/../lib64]
    arg [-L/usr/local/lib/../lib64] ==> dir [/usr/local/lib/../lib64]
    arg [-L/usr/lib/gcc/x86_64-redhat-linux/4.8.5] ==> dir [/usr/lib/gcc/x86_64-redhat-linux/4.8.5]
    arg [-L/usr/lib/gcc/x86_64-redhat-linux/4.8.5/../../../../lib64] ==> dir [/usr/lib/gcc/x86_64-redhat-linux/4.8.5/../../../../lib64]
    arg [-L/lib/../lib64] ==> dir [/lib/../lib64]
    arg [-L/usr/lib/../lib64] ==> dir [/usr/lib/../lib64]
    arg [-L/BIGDATA/nsccgz_pcheng_1/install/mpich/lib] ==> dir [/BIGDATA/nsccgz_pcheng_1/install/mpich/lib]
    arg [-L/usr/local/lib] ==> dir [/usr/local/lib]
    arg [-L/home/condor/install/zlib/lib] ==> dir [/home/condor/install/zlib/lib]
    arg [-L/home/condor/install/zlib/lib] ==> dir [/home/condor/install/zlib/lib]
    arg [-L/home/condor/install/ncurses-5.9/lib] ==> dir [/home/condor/install/ncurses-5.9/lib]
    arg [-L/home/condor/install/xz-5.2.3/lib] ==> dir [/home/condor/install/xz-5.2.3/lib]
    arg [-L/BIGDATA/nsccgz_pcheng_1/install/mpich/lib] ==> dir [/BIGDATA/nsccgz_pcheng_1/install/mpich/lib]
    arg [-L/usr/local/lib] ==> dir [/usr/local/lib]
    arg [-L/home/condor/install/zlib/lib] ==> dir [/home/condor/install/zlib/lib]
    arg [-L/home/condor/install/zlib/lib] ==> dir [/home/condor/install/zlib/lib]
    arg [-L/home/condor/install/ncurses-5.9/lib] ==> dir [/home/condor/install/ncurses-5.9/lib]
    arg [-L/home/condor/install/xz-5.2.3/lib] ==> dir [/home/condor/install/xz-5.2.3/lib]
    arg [-L.] ==> ignore
    arg [-L/usr/lib/gcc/x86_64-redhat-linux/4.8.5/../../..] ==> dir [/usr/lib/gcc/x86_64-redhat-linux/4.8.5/../../..]
    arg [CMakeFiles/cmTC_63c72.dir/CMakeCCompilerABI.c.o] ==> ignore
    arg [-lgcc] ==> lib [gcc]
    arg [--as-needed] ==> ignore
    arg [-lgcc_s] ==> lib [gcc_s]
    arg [--no-as-needed] ==> ignore
    arg [-lc] ==> lib [c]
    arg [-lgcc] ==> lib [gcc]
    arg [--as-needed] ==> ignore
    arg [-lgcc_s] ==> lib [gcc_s]
    arg [--no-as-needed] ==> ignore
    arg [/usr/lib/gcc/x86_64-redhat-linux/4.8.5/crtend.o] ==> ignore
    arg [/usr/lib/../lib64/crtn.o] ==> ignore
  collapse library dir [/usr/lib/../lib64] ==> [/usr/lib64]
  collapse library dir [/usr/local/lib/../lib64] ==> [/usr/local/lib64]
  collapse library dir [/usr/lib/../lib64] ==> [/usr/lib64]
  collapse library dir [/usr/local/lib/../lib64] ==> [/usr/local/lib64]
  collapse library dir [/usr/lib/gcc/x86_64-redhat-linux/4.8.5] ==> [/usr/lib/gcc/x86_64-redhat-linux/4.8.5]
  collapse library dir [/usr/lib/gcc/x86_64-redhat-linux/4.8.5/../../../../lib64] ==> [/usr/lib64]
  collapse library dir [/lib/../lib64] ==> [/lib64]
  collapse library dir [/usr/lib/../lib64] ==> [/usr/lib64]
  collapse library dir [/BIGDATA/nsccgz_pcheng_1/install/mpich/lib] ==> [/BIGDATA/nsccgz_pcheng_1/install/mpich/lib]
  collapse library dir [/usr/local/lib] ==> [/usr/local/lib]
  collapse library dir [/home/condor/install/zlib/lib] ==> [/home/condor/install/zlib/lib]
  collapse library dir [/home/condor/install/zlib/lib] ==> [/home/condor/install/zlib/lib]
  collapse library dir [/home/condor/install/ncurses-5.9/lib] ==> [/home/condor/install/ncurses-5.9/lib]
  collapse library dir [/home/condor/install/xz-5.2.3/lib] ==> [/home/condor/install/xz-5.2.3/lib]
  collapse library dir [/BIGDATA/nsccgz_pcheng_1/install/mpich/lib] ==> [/BIGDATA/nsccgz_pcheng_1/install/mpich/lib]
  collapse library dir [/usr/local/lib] ==> [/usr/local/lib]
  collapse library dir [/home/condor/install/zlib/lib] ==> [/home/condor/install/zlib/lib]
  collapse library dir [/home/condor/install/zlib/lib] ==> [/home/condor/install/zlib/lib]
  collapse library dir [/home/condor/install/ncurses-5.9/lib] ==> [/home/condor/install/ncurses-5.9/lib]
  collapse library dir [/home/condor/install/xz-5.2.3/lib] ==> [/home/condor/install/xz-5.2.3/lib]
  collapse library dir [/usr/lib/gcc/x86_64-redhat-linux/4.8.5/../../..] ==> [/usr/lib]
  implicit libs: [gcc;gcc_s;c;gcc;gcc_s]
  implicit dirs: [/usr/lib64;/usr/local/lib64;/usr/lib/gcc/x86_64-redhat-linux/4.8.5;/lib64;/BIGDATA/nsccgz_pcheng_1/install/mpich/lib;/usr/local/lib;/home/condor/install/zlib/lib;/home/condor/install/ncurses-5.9/lib;/home/condor/install/xz-5.2.3/lib;/usr/lib]
  implicit fwks: []




Detecting C [-std=c11] compiler features compiled with the following output:
Change Dir: /BIGDATA/nsccgz_pcheng_1/src/octopus/build/CMakeFiles/CMakeTmp

Run Build Command(s):/usr/bin/gmake cmTC_ad5e6/fast 
gmake[1]: Entering directory `/BIGDATA/nsccgz_pcheng_1/src/octopus/build/CMakeFiles/CMakeTmp'
/usr/bin/gmake -f CMakeFiles/cmTC_ad5e6.dir/build.make CMakeFiles/cmTC_ad5e6.dir/build
gmake[2]: Entering directory `/BIGDATA/nsccgz_pcheng_1/src/octopus/build/CMakeFiles/CMakeTmp'
Building C object CMakeFiles/cmTC_ad5e6.dir/feature_tests.c.o
/usr/bin/cc   -std=c11 -o CMakeFiles/cmTC_ad5e6.dir/feature_tests.c.o   -c /BIGDATA/nsccgz_pcheng_1/src/octopus/build/CMakeFiles/feature_tests.c
Linking C executable cmTC_ad5e6
/usr/local/bin/cmake -E cmake_link_script CMakeFiles/cmTC_ad5e6.dir/link.txt --verbose=1
/usr/bin/cc      -rdynamic CMakeFiles/cmTC_ad5e6.dir/feature_tests.c.o  -o cmTC_ad5e6 
gmake[2]: Leaving directory `/BIGDATA/nsccgz_pcheng_1/src/octopus/build/CMakeFiles/CMakeTmp'
gmake[1]: Leaving directory `/BIGDATA/nsccgz_pcheng_1/src/octopus/build/CMakeFiles/CMakeTmp'


    Feature record: C_FEATURE:1c_function_prototypes
    Feature record: C_FEATURE:1c_restrict
    Feature record: C_FEATURE:1c_static_assert
    Feature record: C_FEATURE:1c_variadic_macros


Detecting C [-std=c99] compiler features compiled with the following output:
Change Dir: /BIGDATA/nsccgz_pcheng_1/src/octopus/build/CMakeFiles/CMakeTmp

Run Build Command(s):/usr/bin/gmake cmTC_9c610/fast 
gmake[1]: Entering directory `/BIGDATA/nsccgz_pcheng_1/src/octopus/build/CMakeFiles/CMakeTmp'
/usr/bin/gmake -f CMakeFiles/cmTC_9c610.dir/build.make CMakeFiles/cmTC_9c610.dir/build
gmake[2]: Entering directory `/BIGDATA/nsccgz_pcheng_1/src/octopus/build/CMakeFiles/CMakeTmp'
Building C object CMakeFiles/cmTC_9c610.dir/feature_tests.c.o
/usr/bin/cc   -std=c99 -o CMakeFiles/cmTC_9c610.dir/feature_tests.c.o   -c /BIGDATA/nsccgz_pcheng_1/src/octopus/build/CMakeFiles/feature_tests.c
Linking C executable cmTC_9c610
/usr/local/bin/cmake -E cmake_link_script CMakeFiles/cmTC_9c610.dir/link.txt --verbose=1
/usr/bin/cc      -rdynamic CMakeFiles/cmTC_9c610.dir/feature_tests.c.o  -o cmTC_9c610 
gmake[2]: Leaving directory `/BIGDATA/nsccgz_pcheng_1/src/octopus/build/CMakeFiles/CMakeTmp'
gmake[1]: Leaving directory `/BIGDATA/nsccgz_pcheng_1/src/octopus/build/CMakeFiles/CMakeTmp'


    Feature record: C_FEATURE:1c_function_prototypes
    Feature record: C_FEATURE:1c_restrict
    Feature record: C_FEATURE:0c_static_assert
    Feature record: C_FEATURE:1c_variadic_macros


Detecting C [-std=c90] compiler features compiled with the following output:
Change Dir: /BIGDATA/nsccgz_pcheng_1/src/octopus/build/CMakeFiles/CMakeTmp

Run Build Command(s):/usr/bin/gmake cmTC_1c104/fast 
gmake[1]: Entering directory `/BIGDATA/nsccgz_pcheng_1/src/octopus/build/CMakeFiles/CMakeTmp'
/usr/bin/gmake -f CMakeFiles/cmTC_1c104.dir/build.make CMakeFiles/cmTC_1c104.dir/build
gmake[2]: Entering directory `/BIGDATA/nsccgz_pcheng_1/src/octopus/build/CMakeFiles/CMakeTmp'
Building C object CMakeFiles/cmTC_1c104.dir/feature_tests.c.o
/usr/bin/cc   -std=c90 -o CMakeFiles/cmTC_1c104.dir/feature_tests.c.o   -c /BIGDATA/nsccgz_pcheng_1/src/octopus/build/CMakeFiles/feature_tests.c
Linking C executable cmTC_1c104
/usr/local/bin/cmake -E cmake_link_script CMakeFiles/cmTC_1c104.dir/link.txt --verbose=1
/usr/bin/cc      -rdynamic CMakeFiles/cmTC_1c104.dir/feature_tests.c.o  -o cmTC_1c104 
gmake[2]: Leaving directory `/BIGDATA/nsccgz_pcheng_1/src/octopus/build/CMakeFiles/CMakeTmp'
gmake[1]: Leaving directory `/BIGDATA/nsccgz_pcheng_1/src/octopus/build/CMakeFiles/CMakeTmp'


    Feature record: C_FEATURE:1c_function_prototypes
    Feature record: C_FEATURE:0c_restrict
    Feature record: C_FEATURE:0c_static_assert
    Feature record: C_FEATURE:0c_variadic_macros
Determining if the CXX compiler works passed with the following output:
Change Dir: /BIGDATA/nsccgz_pcheng_1/src/octopus/build/CMakeFiles/CMakeTmp

Run Build Command(s):/usr/bin/gmake cmTC_00375/fast 
gmake[1]: Entering directory `/BIGDATA/nsccgz_pcheng_1/src/octopus/build/CMakeFiles/CMakeTmp'
/usr/bin/gmake -f CMakeFiles/cmTC_00375.dir/build.make CMakeFiles/cmTC_00375.dir/build
gmake[2]: Entering directory `/BIGDATA/nsccgz_pcheng_1/src/octopus/build/CMakeFiles/CMakeTmp'
Building CXX object CMakeFiles/cmTC_00375.dir/testCXXCompiler.cxx.o
/usr/bin/c++     -o CMakeFiles/cmTC_00375.dir/testCXXCompiler.cxx.o -c /BIGDATA/nsccgz_pcheng_1/src/octopus/build/CMakeFiles/CMakeTmp/testCXXCompiler.cxx
Linking CXX executable cmTC_00375
/usr/local/bin/cmake -E cmake_link_script CMakeFiles/cmTC_00375.dir/link.txt --verbose=1
/usr/bin/c++       -rdynamic CMakeFiles/cmTC_00375.dir/testCXXCompiler.cxx.o  -o cmTC_00375 
gmake[2]: Leaving directory `/BIGDATA/nsccgz_pcheng_1/src/octopus/build/CMakeFiles/CMakeTmp'
gmake[1]: Leaving directory `/BIGDATA/nsccgz_pcheng_1/src/octopus/build/CMakeFiles/CMakeTmp'


Detecting CXX compiler ABI info compiled with the following output:
Change Dir: /BIGDATA/nsccgz_pcheng_1/src/octopus/build/CMakeFiles/CMakeTmp

Run Build Command(s):/usr/bin/gmake cmTC_eda48/fast 
gmake[1]: Entering directory `/BIGDATA/nsccgz_pcheng_1/src/octopus/build/CMakeFiles/CMakeTmp'
/usr/bin/gmake -f CMakeFiles/cmTC_eda48.dir/build.make CMakeFiles/cmTC_eda48.dir/build
gmake[2]: Entering directory `/BIGDATA/nsccgz_pcheng_1/src/octopus/build/CMakeFiles/CMakeTmp'
Building CXX object CMakeFiles/cmTC_eda48.dir/CMakeCXXCompilerABI.cpp.o
/usr/bin/c++    -v -o CMakeFiles/cmTC_eda48.dir/CMakeCXXCompilerABI.cpp.o -c /usr/local/share/cmake-3.14/Modules/CMakeCXXCompilerABI.cpp
Using built-in specs.
COLLECT_GCC=/usr/bin/c++
Target: x86_64-redhat-linux
Configured with: ../configure --prefix=/usr --mandir=/usr/share/man --infodir=/usr/share/info --with-bugurl=http://bugzilla.redhat.com/bugzilla --enable-bootstrap --enable-shared --enable-threads=posix --enable-checking=release --with-system-zlib --enable-__cxa_atexit --disable-libunwind-exceptions --enable-gnu-unique-object --enable-linker-build-id --with-linker-hash-style=gnu --enable-languages=c,c++,objc,obj-c++,java,fortran,ada,go,lto --enable-plugin --enable-initfini-array --disable-libgcj --with-isl=/builddir/build/BUILD/gcc-4.8.5-20150702/obj-x86_64-redhat-linux/isl-install --with-cloog=/builddir/build/BUILD/gcc-4.8.5-20150702/obj-x86_64-redhat-linux/cloog-install --enable-gnu-indirect-function --with-tune=generic --with-arch_32=x86-64 --build=x86_64-redhat-linux
Thread model: posix
gcc version 4.8.5 20150623 (Red Hat 4.8.5-36) (GCC) 
COLLECT_GCC_OPTIONS='-v' '-o' 'CMakeFiles/cmTC_eda48.dir/CMakeCXXCompilerABI.cpp.o' '-c' '-shared-libgcc' '-mtune=generic' '-march=x86-64'
 /usr/libexec/gcc/x86_64-redhat-linux/4.8.5/cc1plus -quiet -v -D_GNU_SOURCE /usr/local/share/cmake-3.14/Modules/CMakeCXXCompilerABI.cpp -quiet -dumpbase CMakeCXXCompilerABI.cpp -mtune=generic -march=x86-64 -auxbase-strip CMakeFiles/cmTC_eda48.dir/CMakeCXXCompilerABI.cpp.o -version -o /tmp/cc6zc2SU.s
GNU C++ (GCC) version 4.8.5 20150623 (Red Hat 4.8.5-36) (x86_64-redhat-linux)
	compiled by GNU C version 4.8.5 20150623 (Red Hat 4.8.5-36), GMP version 6.0.0, MPFR version 3.1.1, MPC version 1.0.1
GGC heuristics: --param ggc-min-expand=100 --param ggc-min-heapsize=131072
ignoring nonexistent directory "/usr/lib/gcc/x86_64-redhat-linux/4.8.5/include-fixed"
ignoring nonexistent directory "/usr/lib/gcc/x86_64-redhat-linux/4.8.5/../../../../x86_64-redhat-linux/include"
#include "..." search starts here:
#include <...> search starts here:
 /usr/lib/gcc/x86_64-redhat-linux/4.8.5/../../../../include/c++/4.8.5
 /usr/lib/gcc/x86_64-redhat-linux/4.8.5/../../../../include/c++/4.8.5/x86_64-redhat-linux
 /usr/lib/gcc/x86_64-redhat-linux/4.8.5/../../../../include/c++/4.8.5/backward
 /usr/lib/gcc/x86_64-redhat-linux/4.8.5/include
 /usr/local/include
 /usr/include
End of search list.
GNU C++ (GCC) version 4.8.5 20150623 (Red Hat 4.8.5-36) (x86_64-redhat-linux)
	compiled by GNU C version 4.8.5 20150623 (Red Hat 4.8.5-36), GMP version 6.0.0, MPFR version 3.1.1, MPC version 1.0.1
GGC heuristics: --param ggc-min-expand=100 --param ggc-min-heapsize=131072
Compiler executable checksum: 9340310b160f8e0621cdd942e42cc106
COLLECT_GCC_OPTIONS='-v' '-o' 'CMakeFiles/cmTC_eda48.dir/CMakeCXXCompilerABI.cpp.o' '-c' '-shared-libgcc' '-mtune=generic' '-march=x86-64'
 as -v --64 -o CMakeFiles/cmTC_eda48.dir/CMakeCXXCompilerABI.cpp.o /tmp/cc6zc2SU.s
GNU assembler version 2.23.52.0.1 (x86_64-redhat-linux) using BFD version version 2.23.52.0.1-55.el7 20130226
COMPILER_PATH=/usr/libexec/gcc/x86_64-redhat-linux/4.8.5/:/usr/libexec/gcc/x86_64-redhat-linux/4.8.5/:/usr/libexec/gcc/x86_64-redhat-linux/:/usr/lib/gcc/x86_64-redhat-linux/4.8.5/:/usr/lib/gcc/x86_64-redhat-linux/
LIBRARY_PATH=/usr/lib/../lib64/:/usr/local/lib/../lib64/:/usr/lib/../lib64/:/usr/local/lib/../lib64/:/usr/lib/gcc/x86_64-redhat-linux/4.8.5/:/usr/lib/gcc/x86_64-redhat-linux/4.8.5/../../../../lib64/:/lib/../lib64/:/usr/lib/../lib64/:/BIGDATA/nsccgz_pcheng_1/install/mpich/lib/:/usr/lib/:/usr/local/lib/:/home/condor/install/zlib/lib/:/home/condor/install/zlib/lib/:/home/condor/install/ncurses-5.9/lib/:/home/condor/install/xz-5.2.3/lib/:/BIGDATA/nsccgz_pcheng_1/install/mpich/lib/:/usr/lib/:/usr/local/lib/:/home/condor/install/zlib/lib/:/home/condor/install/zlib/lib/:/home/condor/install/ncurses-5.9/lib/:/home/condor/install/xz-5.2.3/lib/:./:/usr/lib/gcc/x86_64-redhat-linux/4.8.5/../../../:/lib/:/usr/lib/
COLLECT_GCC_OPTIONS='-v' '-o' 'CMakeFiles/cmTC_eda48.dir/CMakeCXXCompilerABI.cpp.o' '-c' '-shared-libgcc' '-mtune=generic' '-march=x86-64'
Linking CXX executable cmTC_eda48
/usr/local/bin/cmake -E cmake_link_script CMakeFiles/cmTC_eda48.dir/link.txt --verbose=1
/usr/bin/c++      -v -rdynamic CMakeFiles/cmTC_eda48.dir/CMakeCXXCompilerABI.cpp.o  -o cmTC_eda48 
Using built-in specs.
COLLECT_GCC=/usr/bin/c++
COLLECT_LTO_WRAPPER=/usr/libexec/gcc/x86_64-redhat-linux/4.8.5/lto-wrapper
Target: x86_64-redhat-linux
Configured with: ../configure --prefix=/usr --mandir=/usr/share/man --infodir=/usr/share/info --with-bugurl=http://bugzilla.redhat.com/bugzilla --enable-bootstrap --enable-shared --enable-threads=posix --enable-checking=release --with-system-zlib --enable-__cxa_atexit --disable-libunwind-exceptions --enable-gnu-unique-object --enable-linker-build-id --with-linker-hash-style=gnu --enable-languages=c,c++,objc,obj-c++,java,fortran,ada,go,lto --enable-plugin --enable-initfini-array --disable-libgcj --with-isl=/builddir/build/BUILD/gcc-4.8.5-20150702/obj-x86_64-redhat-linux/isl-install --with-cloog=/builddir/build/BUILD/gcc-4.8.5-20150702/obj-x86_64-redhat-linux/cloog-install --enable-gnu-indirect-function --with-tune=generic --with-arch_32=x86-64 --build=x86_64-redhat-linux
Thread model: posix
gcc version 4.8.5 20150623 (Red Hat 4.8.5-36) (GCC) 
COMPILER_PATH=/usr/libexec/gcc/x86_64-redhat-linux/4.8.5/:/usr/libexec/gcc/x86_64-redhat-linux/4.8.5/:/usr/libexec/gcc/x86_64-redhat-linux/:/usr/lib/gcc/x86_64-redhat-linux/4.8.5/:/usr/lib/gcc/x86_64-redhat-linux/
LIBRARY_PATH=/usr/lib/../lib64/:/usr/local/lib/../lib64/:/usr/lib/../lib64/:/usr/local/lib/../lib64/:/usr/lib/gcc/x86_64-redhat-linux/4.8.5/:/usr/lib/gcc/x86_64-redhat-linux/4.8.5/../../../../lib64/:/lib/../lib64/:/usr/lib/../lib64/:/BIGDATA/nsccgz_pcheng_1/install/mpich/lib/:/usr/lib/:/usr/local/lib/:/home/condor/install/zlib/lib/:/home/condor/install/zlib/lib/:/home/condor/install/ncurses-5.9/lib/:/home/condor/install/xz-5.2.3/lib/:/BIGDATA/nsccgz_pcheng_1/install/mpich/lib/:/usr/lib/:/usr/local/lib/:/home/condor/install/zlib/lib/:/home/condor/install/zlib/lib/:/home/condor/install/ncurses-5.9/lib/:/home/condor/install/xz-5.2.3/lib/:./:/usr/lib/gcc/x86_64-redhat-linux/4.8.5/../../../:/lib/:/usr/lib/
COLLECT_GCC_OPTIONS='-v' '-rdynamic' '-o' 'cmTC_eda48' '-shared-libgcc' '-mtune=generic' '-march=x86-64'
 /usr/libexec/gcc/x86_64-redhat-linux/4.8.5/collect2 --build-id --no-add-needed --eh-frame-hdr --hash-style=gnu -m elf_x86_64 -export-dynamic -dynamic-linker /lib64/ld-linux-x86-64.so.2 -o cmTC_eda48 /usr/lib/../lib64/crt1.o /usr/lib/../lib64/crti.o /usr/lib/gcc/x86_64-redhat-linux/4.8.5/crtbegin.o -L/usr/lib/../lib64 -L/usr/local/lib/../lib64 -L/usr/lib/../lib64 -L/usr/local/lib/../lib64 -L/usr/lib/gcc/x86_64-redhat-linux/4.8.5 -L/usr/lib/gcc/x86_64-redhat-linux/4.8.5/../../../../lib64 -L/lib/../lib64 -L/usr/lib/../lib64 -L/BIGDATA/nsccgz_pcheng_1/install/mpich/lib -L/usr/local/lib -L/home/condor/install/zlib/lib -L/home/condor/install/zlib/lib -L/home/condor/install/ncurses-5.9/lib -L/home/condor/install/xz-5.2.3/lib -L/BIGDATA/nsccgz_pcheng_1/install/mpich/lib -L/usr/local/lib -L/home/condor/install/zlib/lib -L/home/condor/install/zlib/lib -L/home/condor/install/ncurses-5.9/lib -L/home/condor/install/xz-5.2.3/lib -L. -L/usr/lib/gcc/x86_64-redhat-linux/4.8.5/../../.. CMakeFiles/cmTC_eda48.dir/CMakeCXXCompilerABI.cpp.o -lstdc++ -lm -lgcc_s -lgcc -lc -lgcc_s -lgcc /usr/lib/gcc/x86_64-redhat-linux/4.8.5/crtend.o /usr/lib/../lib64/crtn.o
gmake[2]: Leaving directory `/BIGDATA/nsccgz_pcheng_1/src/octopus/build/CMakeFiles/CMakeTmp'
gmake[1]: Leaving directory `/BIGDATA/nsccgz_pcheng_1/src/octopus/build/CMakeFiles/CMakeTmp'


Parsed CXX implicit include dir info from above output: rv=done
  found start of include info
  found start of implicit include info
    add: [/usr/lib/gcc/x86_64-redhat-linux/4.8.5/../../../../include/c++/4.8.5]
    add: [/usr/lib/gcc/x86_64-redhat-linux/4.8.5/../../../../include/c++/4.8.5/x86_64-redhat-linux]
    add: [/usr/lib/gcc/x86_64-redhat-linux/4.8.5/../../../../include/c++/4.8.5/backward]
    add: [/usr/lib/gcc/x86_64-redhat-linux/4.8.5/include]
    add: [/usr/local/include]
    add: [/usr/include]
  end of search list found
  implicit include dirs: [/usr/lib/gcc/x86_64-redhat-linux/4.8.5/../../../../include/c++/4.8.5;/usr/lib/gcc/x86_64-redhat-linux/4.8.5/../../../../include/c++/4.8.5/x86_64-redhat-linux;/usr/lib/gcc/x86_64-redhat-linux/4.8.5/../../../../include/c++/4.8.5/backward;/usr/lib/gcc/x86_64-redhat-linux/4.8.5/include;/usr/local/include;/usr/include]


Parsed CXX implicit link information from above output:
  link line regex: [^( *|.*[/\])(ld|CMAKE_LINK_STARTFILE-NOTFOUND|([^/\]+-)?ld|collect2)[^/\]*( |$)]
  ignore line: [Change Dir: /BIGDATA/nsccgz_pcheng_1/src/octopus/build/CMakeFiles/CMakeTmp]
  ignore line: []
  ignore line: [Run Build Command(s):/usr/bin/gmake cmTC_eda48/fast ]
  ignore line: [gmake[1]: Entering directory `/BIGDATA/nsccgz_pcheng_1/src/octopus/build/CMakeFiles/CMakeTmp']
  ignore line: [/usr/bin/gmake -f CMakeFiles/cmTC_eda48.dir/build.make CMakeFiles/cmTC_eda48.dir/build]
  ignore line: [gmake[2]: Entering directory `/BIGDATA/nsccgz_pcheng_1/src/octopus/build/CMakeFiles/CMakeTmp']
  ignore line: [Building CXX object CMakeFiles/cmTC_eda48.dir/CMakeCXXCompilerABI.cpp.o]
  ignore line: [/usr/bin/c++    -v -o CMakeFiles/cmTC_eda48.dir/CMakeCXXCompilerABI.cpp.o -c /usr/local/share/cmake-3.14/Modules/CMakeCXXCompilerABI.cpp]
  ignore line: [Using built-in specs.]
  ignore line: [COLLECT_GCC=/usr/bin/c++]
  ignore line: [Target: x86_64-redhat-linux]
  ignore line: [Configured with: ../configure --prefix=/usr --mandir=/usr/share/man --infodir=/usr/share/info --with-bugurl=http://bugzilla.redhat.com/bugzilla --enable-bootstrap --enable-shared --enable-threads=posix --enable-checking=release --with-system-zlib --enable-__cxa_atexit --disable-libunwind-exceptions --enable-gnu-unique-object --enable-linker-build-id --with-linker-hash-style=gnu --enable-languages=c,c++,objc,obj-c++,java,fortran,ada,go,lto --enable-plugin --enable-initfini-array --disable-libgcj --with-isl=/builddir/build/BUILD/gcc-4.8.5-20150702/obj-x86_64-redhat-linux/isl-install --with-cloog=/builddir/build/BUILD/gcc-4.8.5-20150702/obj-x86_64-redhat-linux/cloog-install --enable-gnu-indirect-function --with-tune=generic --with-arch_32=x86-64 --build=x86_64-redhat-linux]
  ignore line: [Thread model: posix]
  ignore line: [gcc version 4.8.5 20150623 (Red Hat 4.8.5-36) (GCC) ]
  ignore line: [COLLECT_GCC_OPTIONS='-v' '-o' 'CMakeFiles/cmTC_eda48.dir/CMakeCXXCompilerABI.cpp.o' '-c' '-shared-libgcc' '-mtune=generic' '-march=x86-64']
  ignore line: [ /usr/libexec/gcc/x86_64-redhat-linux/4.8.5/cc1plus -quiet -v -D_GNU_SOURCE /usr/local/share/cmake-3.14/Modules/CMakeCXXCompilerABI.cpp -quiet -dumpbase CMakeCXXCompilerABI.cpp -mtune=generic -march=x86-64 -auxbase-strip CMakeFiles/cmTC_eda48.dir/CMakeCXXCompilerABI.cpp.o -version -o /tmp/cc6zc2SU.s]
  ignore line: [GNU C++ (GCC) version 4.8.5 20150623 (Red Hat 4.8.5-36) (x86_64-redhat-linux)]
  ignore line: [	compiled by GNU C version 4.8.5 20150623 (Red Hat 4.8.5-36), GMP version 6.0.0, MPFR version 3.1.1, MPC version 1.0.1]
  ignore line: [GGC heuristics: --param ggc-min-expand=100 --param ggc-min-heapsize=131072]
  ignore line: [ignoring nonexistent directory "/usr/lib/gcc/x86_64-redhat-linux/4.8.5/include-fixed"]
  ignore line: [ignoring nonexistent directory "/usr/lib/gcc/x86_64-redhat-linux/4.8.5/../../../../x86_64-redhat-linux/include"]
  ignore line: [#include "..." search starts here:]
  ignore line: [#include <...> search starts here:]
  ignore line: [ /usr/lib/gcc/x86_64-redhat-linux/4.8.5/../../../../include/c++/4.8.5]
  ignore line: [ /usr/lib/gcc/x86_64-redhat-linux/4.8.5/../../../../include/c++/4.8.5/x86_64-redhat-linux]
  ignore line: [ /usr/lib/gcc/x86_64-redhat-linux/4.8.5/../../../../include/c++/4.8.5/backward]
  ignore line: [ /usr/lib/gcc/x86_64-redhat-linux/4.8.5/include]
  ignore line: [ /usr/local/include]
  ignore line: [ /usr/include]
  ignore line: [End of search list.]
  ignore line: [GNU C++ (GCC) version 4.8.5 20150623 (Red Hat 4.8.5-36) (x86_64-redhat-linux)]
  ignore line: [	compiled by GNU C version 4.8.5 20150623 (Red Hat 4.8.5-36), GMP version 6.0.0, MPFR version 3.1.1, MPC version 1.0.1]
  ignore line: [GGC heuristics: --param ggc-min-expand=100 --param ggc-min-heapsize=131072]
  ignore line: [Compiler executable checksum: 9340310b160f8e0621cdd942e42cc106]
  ignore line: [COLLECT_GCC_OPTIONS='-v' '-o' 'CMakeFiles/cmTC_eda48.dir/CMakeCXXCompilerABI.cpp.o' '-c' '-shared-libgcc' '-mtune=generic' '-march=x86-64']
  ignore line: [ as -v --64 -o CMakeFiles/cmTC_eda48.dir/CMakeCXXCompilerABI.cpp.o /tmp/cc6zc2SU.s]
  ignore line: [GNU assembler version 2.23.52.0.1 (x86_64-redhat-linux) using BFD version version 2.23.52.0.1-55.el7 20130226]
  ignore line: [COMPILER_PATH=/usr/libexec/gcc/x86_64-redhat-linux/4.8.5/:/usr/libexec/gcc/x86_64-redhat-linux/4.8.5/:/usr/libexec/gcc/x86_64-redhat-linux/:/usr/lib/gcc/x86_64-redhat-linux/4.8.5/:/usr/lib/gcc/x86_64-redhat-linux/]
  ignore line: [LIBRARY_PATH=/usr/lib/../lib64/:/usr/local/lib/../lib64/:/usr/lib/../lib64/:/usr/local/lib/../lib64/:/usr/lib/gcc/x86_64-redhat-linux/4.8.5/:/usr/lib/gcc/x86_64-redhat-linux/4.8.5/../../../../lib64/:/lib/../lib64/:/usr/lib/../lib64/:/BIGDATA/nsccgz_pcheng_1/install/mpich/lib/:/usr/lib/:/usr/local/lib/:/home/condor/install/zlib/lib/:/home/condor/install/zlib/lib/:/home/condor/install/ncurses-5.9/lib/:/home/condor/install/xz-5.2.3/lib/:/BIGDATA/nsccgz_pcheng_1/install/mpich/lib/:/usr/lib/:/usr/local/lib/:/home/condor/install/zlib/lib/:/home/condor/install/zlib/lib/:/home/condor/install/ncurses-5.9/lib/:/home/condor/install/xz-5.2.3/lib/:./:/usr/lib/gcc/x86_64-redhat-linux/4.8.5/../../../:/lib/:/usr/lib/]
  ignore line: [COLLECT_GCC_OPTIONS='-v' '-o' 'CMakeFiles/cmTC_eda48.dir/CMakeCXXCompilerABI.cpp.o' '-c' '-shared-libgcc' '-mtune=generic' '-march=x86-64']
  ignore line: [Linking CXX executable cmTC_eda48]
  ignore line: [/usr/local/bin/cmake -E cmake_link_script CMakeFiles/cmTC_eda48.dir/link.txt --verbose=1]
  ignore line: [/usr/bin/c++      -v -rdynamic CMakeFiles/cmTC_eda48.dir/CMakeCXXCompilerABI.cpp.o  -o cmTC_eda48 ]
  ignore line: [Using built-in specs.]
  ignore line: [COLLECT_GCC=/usr/bin/c++]
  ignore line: [COLLECT_LTO_WRAPPER=/usr/libexec/gcc/x86_64-redhat-linux/4.8.5/lto-wrapper]
  ignore line: [Target: x86_64-redhat-linux]
  ignore line: [Configured with: ../configure --prefix=/usr --mandir=/usr/share/man --infodir=/usr/share/info --with-bugurl=http://bugzilla.redhat.com/bugzilla --enable-bootstrap --enable-shared --enable-threads=posix --enable-checking=release --with-system-zlib --enable-__cxa_atexit --disable-libunwind-exceptions --enable-gnu-unique-object --enable-linker-build-id --with-linker-hash-style=gnu --enable-languages=c,c++,objc,obj-c++,java,fortran,ada,go,lto --enable-plugin --enable-initfini-array --disable-libgcj --with-isl=/builddir/build/BUILD/gcc-4.8.5-20150702/obj-x86_64-redhat-linux/isl-install --with-cloog=/builddir/build/BUILD/gcc-4.8.5-20150702/obj-x86_64-redhat-linux/cloog-install --enable-gnu-indirect-function --with-tune=generic --with-arch_32=x86-64 --build=x86_64-redhat-linux]
  ignore line: [Thread model: posix]
  ignore line: [gcc version 4.8.5 20150623 (Red Hat 4.8.5-36) (GCC) ]
  ignore line: [COMPILER_PATH=/usr/libexec/gcc/x86_64-redhat-linux/4.8.5/:/usr/libexec/gcc/x86_64-redhat-linux/4.8.5/:/usr/libexec/gcc/x86_64-redhat-linux/:/usr/lib/gcc/x86_64-redhat-linux/4.8.5/:/usr/lib/gcc/x86_64-redhat-linux/]
  ignore line: [LIBRARY_PATH=/usr/lib/../lib64/:/usr/local/lib/../lib64/:/usr/lib/../lib64/:/usr/local/lib/../lib64/:/usr/lib/gcc/x86_64-redhat-linux/4.8.5/:/usr/lib/gcc/x86_64-redhat-linux/4.8.5/../../../../lib64/:/lib/../lib64/:/usr/lib/../lib64/:/BIGDATA/nsccgz_pcheng_1/install/mpich/lib/:/usr/lib/:/usr/local/lib/:/home/condor/install/zlib/lib/:/home/condor/install/zlib/lib/:/home/condor/install/ncurses-5.9/lib/:/home/condor/install/xz-5.2.3/lib/:/BIGDATA/nsccgz_pcheng_1/install/mpich/lib/:/usr/lib/:/usr/local/lib/:/home/condor/install/zlib/lib/:/home/condor/install/zlib/lib/:/home/condor/install/ncurses-5.9/lib/:/home/condor/install/xz-5.2.3/lib/:./:/usr/lib/gcc/x86_64-redhat-linux/4.8.5/../../../:/lib/:/usr/lib/]
  ignore line: [COLLECT_GCC_OPTIONS='-v' '-rdynamic' '-o' 'cmTC_eda48' '-shared-libgcc' '-mtune=generic' '-march=x86-64']
  link line: [ /usr/libexec/gcc/x86_64-redhat-linux/4.8.5/collect2 --build-id --no-add-needed --eh-frame-hdr --hash-style=gnu -m elf_x86_64 -export-dynamic -dynamic-linker /lib64/ld-linux-x86-64.so.2 -o cmTC_eda48 /usr/lib/../lib64/crt1.o /usr/lib/../lib64/crti.o /usr/lib/gcc/x86_64-redhat-linux/4.8.5/crtbegin.o -L/usr/lib/../lib64 -L/usr/local/lib/../lib64 -L/usr/lib/../lib64 -L/usr/local/lib/../lib64 -L/usr/lib/gcc/x86_64-redhat-linux/4.8.5 -L/usr/lib/gcc/x86_64-redhat-linux/4.8.5/../../../../lib64 -L/lib/../lib64 -L/usr/lib/../lib64 -L/BIGDATA/nsccgz_pcheng_1/install/mpich/lib -L/usr/local/lib -L/home/condor/install/zlib/lib -L/home/condor/install/zlib/lib -L/home/condor/install/ncurses-5.9/lib -L/home/condor/install/xz-5.2.3/lib -L/BIGDATA/nsccgz_pcheng_1/install/mpich/lib -L/usr/local/lib -L/home/condor/install/zlib/lib -L/home/condor/install/zlib/lib -L/home/condor/install/ncurses-5.9/lib -L/home/condor/install/xz-5.2.3/lib -L. -L/usr/lib/gcc/x86_64-redhat-linux/4.8.5/../../.. CMakeFiles/cmTC_eda48.dir/CMakeCXXCompilerABI.cpp.o -lstdc++ -lm -lgcc_s -lgcc -lc -lgcc_s -lgcc /usr/lib/gcc/x86_64-redhat-linux/4.8.5/crtend.o /usr/lib/../lib64/crtn.o]
    arg [/usr/libexec/gcc/x86_64-redhat-linux/4.8.5/collect2] ==> ignore
    arg [--build-id] ==> ignore
    arg [--no-add-needed] ==> ignore
    arg [--eh-frame-hdr] ==> ignore
    arg [--hash-style=gnu] ==> ignore
    arg [-m] ==> ignore
    arg [elf_x86_64] ==> ignore
    arg [-export-dynamic] ==> ignore
    arg [-dynamic-linker] ==> ignore
    arg [/lib64/ld-linux-x86-64.so.2] ==> ignore
    arg [-o] ==> ignore
    arg [cmTC_eda48] ==> ignore
    arg [/usr/lib/../lib64/crt1.o] ==> ignore
    arg [/usr/lib/../lib64/crti.o] ==> ignore
    arg [/usr/lib/gcc/x86_64-redhat-linux/4.8.5/crtbegin.o] ==> ignore
    arg [-L/usr/lib/../lib64] ==> dir [/usr/lib/../lib64]
    arg [-L/usr/local/lib/../lib64] ==> dir [/usr/local/lib/../lib64]
    arg [-L/usr/lib/../lib64] ==> dir [/usr/lib/../lib64]
    arg [-L/usr/local/lib/../lib64] ==> dir [/usr/local/lib/../lib64]
    arg [-L/usr/lib/gcc/x86_64-redhat-linux/4.8.5] ==> dir [/usr/lib/gcc/x86_64-redhat-linux/4.8.5]
    arg [-L/usr/lib/gcc/x86_64-redhat-linux/4.8.5/../../../../lib64] ==> dir [/usr/lib/gcc/x86_64-redhat-linux/4.8.5/../../../../lib64]
    arg [-L/lib/../lib64] ==> dir [/lib/../lib64]
    arg [-L/usr/lib/../lib64] ==> dir [/usr/lib/../lib64]
    arg [-L/BIGDATA/nsccgz_pcheng_1/install/mpich/lib] ==> dir [/BIGDATA/nsccgz_pcheng_1/install/mpich/lib]
    arg [-L/usr/local/lib] ==> dir [/usr/local/lib]
    arg [-L/home/condor/install/zlib/lib] ==> dir [/home/condor/install/zlib/lib]
    arg [-L/home/condor/install/zlib/lib] ==> dir [/home/condor/install/zlib/lib]
    arg [-L/home/condor/install/ncurses-5.9/lib] ==> dir [/home/condor/install/ncurses-5.9/lib]
    arg [-L/home/condor/install/xz-5.2.3/lib] ==> dir [/home/condor/install/xz-5.2.3/lib]
    arg [-L/BIGDATA/nsccgz_pcheng_1/install/mpich/lib] ==> dir [/BIGDATA/nsccgz_pcheng_1/install/mpich/lib]
    arg [-L/usr/local/lib] ==> dir [/usr/local/lib]
    arg [-L/home/condor/install/zlib/lib] ==> dir [/home/condor/install/zlib/lib]
    arg [-L/home/condor/install/zlib/lib] ==> dir [/home/condor/install/zlib/lib]
    arg [-L/home/condor/install/ncurses-5.9/lib] ==> dir [/home/condor/install/ncurses-5.9/lib]
    arg [-L/home/condor/install/xz-5.2.3/lib] ==> dir [/home/condor/install/xz-5.2.3/lib]
    arg [-L.] ==> ignore
    arg [-L/usr/lib/gcc/x86_64-redhat-linux/4.8.5/../../..] ==> dir [/usr/lib/gcc/x86_64-redhat-linux/4.8.5/../../..]
    arg [CMakeFiles/cmTC_eda48.dir/CMakeCXXCompilerABI.cpp.o] ==> ignore
    arg [-lstdc++] ==> lib [stdc++]
    arg [-lm] ==> lib [m]
    arg [-lgcc_s] ==> lib [gcc_s]
    arg [-lgcc] ==> lib [gcc]
    arg [-lc] ==> lib [c]
    arg [-lgcc_s] ==> lib [gcc_s]
    arg [-lgcc] ==> lib [gcc]
    arg [/usr/lib/gcc/x86_64-redhat-linux/4.8.5/crtend.o] ==> ignore
    arg [/usr/lib/../lib64/crtn.o] ==> ignore
  collapse library dir [/usr/lib/../lib64] ==> [/usr/lib64]
  collapse library dir [/usr/local/lib/../lib64] ==> [/usr/local/lib64]
  collapse library dir [/usr/lib/../lib64] ==> [/usr/lib64]
  collapse library dir [/usr/local/lib/../lib64] ==> [/usr/local/lib64]
  collapse library dir [/usr/lib/gcc/x86_64-redhat-linux/4.8.5] ==> [/usr/lib/gcc/x86_64-redhat-linux/4.8.5]
  collapse library dir [/usr/lib/gcc/x86_64-redhat-linux/4.8.5/../../../../lib64] ==> [/usr/lib64]
  collapse library dir [/lib/../lib64] ==> [/lib64]
  collapse library dir [/usr/lib/../lib64] ==> [/usr/lib64]
  collapse library dir [/BIGDATA/nsccgz_pcheng_1/install/mpich/lib] ==> [/BIGDATA/nsccgz_pcheng_1/install/mpich/lib]
  collapse library dir [/usr/local/lib] ==> [/usr/local/lib]
  collapse library dir [/home/condor/install/zlib/lib] ==> [/home/condor/install/zlib/lib]
  collapse library dir [/home/condor/install/zlib/lib] ==> [/home/condor/install/zlib/lib]
  collapse library dir [/home/condor/install/ncurses-5.9/lib] ==> [/home/condor/install/ncurses-5.9/lib]
  collapse library dir [/home/condor/install/xz-5.2.3/lib] ==> [/home/condor/install/xz-5.2.3/lib]
  collapse library dir [/BIGDATA/nsccgz_pcheng_1/install/mpich/lib] ==> [/BIGDATA/nsccgz_pcheng_1/install/mpich/lib]
  collapse library dir [/usr/local/lib] ==> [/usr/local/lib]
  collapse library dir [/home/condor/install/zlib/lib] ==> [/home/condor/install/zlib/lib]
  collapse library dir [/home/condor/install/zlib/lib] ==> [/home/condor/install/zlib/lib]
  collapse library dir [/home/condor/install/ncurses-5.9/lib] ==> [/home/condor/install/ncurses-5.9/lib]
  collapse library dir [/home/condor/install/xz-5.2.3/lib] ==> [/home/condor/install/xz-5.2.3/lib]
  collapse library dir [/usr/lib/gcc/x86_64-redhat-linux/4.8.5/../../..] ==> [/usr/lib]
  implicit libs: [stdc++;m;gcc_s;gcc;c;gcc_s;gcc]
  implicit dirs: [/usr/lib64;/usr/local/lib64;/usr/lib/gcc/x86_64-redhat-linux/4.8.5;/lib64;/BIGDATA/nsccgz_pcheng_1/install/mpich/lib;/usr/local/lib;/home/condor/install/zlib/lib;/home/condor/install/ncurses-5.9/lib;/home/condor/install/xz-5.2.3/lib;/usr/lib]
  implicit fwks: []




Detecting CXX [-std=c++1y] compiler features compiled with the following output:
Change Dir: /BIGDATA/nsccgz_pcheng_1/src/octopus/build/CMakeFiles/CMakeTmp

Run Build Command(s):/usr/bin/gmake cmTC_6f0b4/fast 
gmake[1]: Entering directory `/BIGDATA/nsccgz_pcheng_1/src/octopus/build/CMakeFiles/CMakeTmp'
/usr/bin/gmake -f CMakeFiles/cmTC_6f0b4.dir/build.make CMakeFiles/cmTC_6f0b4.dir/build
gmake[2]: Entering directory `/BIGDATA/nsccgz_pcheng_1/src/octopus/build/CMakeFiles/CMakeTmp'
Building CXX object CMakeFiles/cmTC_6f0b4.dir/feature_tests.cxx.o
/usr/bin/c++    -std=c++1y -o CMakeFiles/cmTC_6f0b4.dir/feature_tests.cxx.o -c /BIGDATA/nsccgz_pcheng_1/src/octopus/build/CMakeFiles/feature_tests.cxx
Linking CXX executable cmTC_6f0b4
/usr/local/bin/cmake -E cmake_link_script CMakeFiles/cmTC_6f0b4.dir/link.txt --verbose=1
/usr/bin/c++       -rdynamic CMakeFiles/cmTC_6f0b4.dir/feature_tests.cxx.o  -o cmTC_6f0b4 
gmake[2]: Leaving directory `/BIGDATA/nsccgz_pcheng_1/src/octopus/build/CMakeFiles/CMakeTmp'
gmake[1]: Leaving directory `/BIGDATA/nsccgz_pcheng_1/src/octopus/build/CMakeFiles/CMakeTmp'


    Feature record: CXX_FEATURE:0cxx_aggregate_default_initializers
    Feature record: CXX_FEATURE:1cxx_alias_templates
    Feature record: CXX_FEATURE:1cxx_alignas
    Feature record: CXX_FEATURE:1cxx_alignof
    Feature record: CXX_FEATURE:1cxx_attributes
    Feature record: CXX_FEATURE:0cxx_attribute_deprecated
    Feature record: CXX_FEATURE:1cxx_auto_type
    Feature record: CXX_FEATURE:0cxx_binary_literals
    Feature record: CXX_FEATURE:1cxx_constexpr
    Feature record: CXX_FEATURE:0cxx_contextual_conversions
    Feature record: CXX_FEATURE:1cxx_decltype
    Feature record: CXX_FEATURE:0cxx_decltype_auto
    Feature record: CXX_FEATURE:1cxx_decltype_incomplete_return_types
    Feature record: CXX_FEATURE:1cxx_default_function_template_args
    Feature record: CXX_FEATURE:1cxx_defaulted_functions
    Feature record: CXX_FEATURE:1cxx_defaulted_move_initializers
    Feature record: CXX_FEATURE:1cxx_delegating_constructors
    Feature record: CXX_FEATURE:1cxx_deleted_functions
    Feature record: CXX_FEATURE:0cxx_digit_separators
    Feature record: CXX_FEATURE:1cxx_enum_forward_declarations
    Feature record: CXX_FEATURE:1cxx_explicit_conversions
    Feature record: CXX_FEATURE:1cxx_extended_friend_declarations
    Feature record: CXX_FEATURE:1cxx_extern_templates
    Feature record: CXX_FEATURE:1cxx_final
    Feature record: CXX_FEATURE:1cxx_func_identifier
    Feature record: CXX_FEATURE:1cxx_generalized_initializers
    Feature record: CXX_FEATURE:0cxx_generic_lambdas
    Feature record: CXX_FEATURE:1cxx_inheriting_constructors
    Feature record: CXX_FEATURE:1cxx_inline_namespaces
    Feature record: CXX_FEATURE:1cxx_lambdas
    Feature record: CXX_FEATURE:0cxx_lambda_init_captures
    Feature record: CXX_FEATURE:1cxx_local_type_template_args
    Feature record: CXX_FEATURE:1cxx_long_long_type
    Feature record: CXX_FEATURE:1cxx_noexcept
    Feature record: CXX_FEATURE:1cxx_nonstatic_member_init
    Feature record: CXX_FEATURE:1cxx_nullptr
    Feature record: CXX_FEATURE:1cxx_override
    Feature record: CXX_FEATURE:1cxx_range_for
    Feature record: CXX_FEATURE:1cxx_raw_string_literals
    Feature record: CXX_FEATURE:1cxx_reference_qualified_functions
    Feature record: CXX_FEATURE:0cxx_relaxed_constexpr
    Feature record: CXX_FEATURE:0cxx_return_type_deduction
    Feature record: CXX_FEATURE:1cxx_right_angle_brackets
    Feature record: CXX_FEATURE:1cxx_rvalue_references
    Feature record: CXX_FEATURE:1cxx_sizeof_member
    Feature record: CXX_FEATURE:1cxx_static_assert
    Feature record: CXX_FEATURE:1cxx_strong_enums
    Feature record: CXX_FEATURE:1cxx_template_template_parameters
    Feature record: CXX_FEATURE:1cxx_thread_local
    Feature record: CXX_FEATURE:1cxx_trailing_return_types
    Feature record: CXX_FEATURE:1cxx_unicode_literals
    Feature record: CXX_FEATURE:1cxx_uniform_initialization
    Feature record: CXX_FEATURE:1cxx_unrestricted_unions
    Feature record: CXX_FEATURE:1cxx_user_literals
    Feature record: CXX_FEATURE:0cxx_variable_templates
    Feature record: CXX_FEATURE:1cxx_variadic_macros
    Feature record: CXX_FEATURE:1cxx_variadic_templates


Detecting CXX [-std=c++11] compiler features compiled with the following output:
Change Dir: /BIGDATA/nsccgz_pcheng_1/src/octopus/build/CMakeFiles/CMakeTmp

Run Build Command(s):/usr/bin/gmake cmTC_ee93d/fast 
gmake[1]: Entering directory `/BIGDATA/nsccgz_pcheng_1/src/octopus/build/CMakeFiles/CMakeTmp'
/usr/bin/gmake -f CMakeFiles/cmTC_ee93d.dir/build.make CMakeFiles/cmTC_ee93d.dir/build
gmake[2]: Entering directory `/BIGDATA/nsccgz_pcheng_1/src/octopus/build/CMakeFiles/CMakeTmp'
Building CXX object CMakeFiles/cmTC_ee93d.dir/feature_tests.cxx.o
/usr/bin/c++    -std=c++11 -o CMakeFiles/cmTC_ee93d.dir/feature_tests.cxx.o -c /BIGDATA/nsccgz_pcheng_1/src/octopus/build/CMakeFiles/feature_tests.cxx
Linking CXX executable cmTC_ee93d
/usr/local/bin/cmake -E cmake_link_script CMakeFiles/cmTC_ee93d.dir/link.txt --verbose=1
/usr/bin/c++       -rdynamic CMakeFiles/cmTC_ee93d.dir/feature_tests.cxx.o  -o cmTC_ee93d 
gmake[2]: Leaving directory `/BIGDATA/nsccgz_pcheng_1/src/octopus/build/CMakeFiles/CMakeTmp'
gmake[1]: Leaving directory `/BIGDATA/nsccgz_pcheng_1/src/octopus/build/CMakeFiles/CMakeTmp'


    Feature record: CXX_FEATURE:0cxx_aggregate_default_initializers
    Feature record: CXX_FEATURE:1cxx_alias_templates
    Feature record: CXX_FEATURE:1cxx_alignas
    Feature record: CXX_FEATURE:1cxx_alignof
    Feature record: CXX_FEATURE:1cxx_attributes
    Feature record: CXX_FEATURE:0cxx_attribute_deprecated
    Feature record: CXX_FEATURE:1cxx_auto_type
    Feature record: CXX_FEATURE:0cxx_binary_literals
    Feature record: CXX_FEATURE:1cxx_constexpr
    Feature record: CXX_FEATURE:0cxx_contextual_conversions
    Feature record: CXX_FEATURE:1cxx_decltype
    Feature record: CXX_FEATURE:0cxx_decltype_auto
    Feature record: CXX_FEATURE:1cxx_decltype_incomplete_return_types
    Feature record: CXX_FEATURE:1cxx_default_function_template_args
    Feature record: CXX_FEATURE:1cxx_defaulted_functions
    Feature record: CXX_FEATURE:1cxx_defaulted_move_initializers
    Feature record: CXX_FEATURE:1cxx_delegating_constructors
    Feature record: CXX_FEATURE:1cxx_deleted_functions
    Feature record: CXX_FEATURE:0cxx_digit_separators
    Feature record: CXX_FEATURE:1cxx_enum_forward_declarations
    Feature record: CXX_FEATURE:1cxx_explicit_conversions
    Feature record: CXX_FEATURE:1cxx_extended_friend_declarations
    Feature record: CXX_FEATURE:1cxx_extern_templates
    Feature record: CXX_FEATURE:1cxx_final
    Feature record: CXX_FEATURE:1cxx_func_identifier
    Feature record: CXX_FEATURE:1cxx_generalized_initializers
    Feature record: CXX_FEATURE:0cxx_generic_lambdas
    Feature record: CXX_FEATURE:1cxx_inheriting_constructors
    Feature record: CXX_FEATURE:1cxx_inline_namespaces
    Feature record: CXX_FEATURE:1cxx_lambdas
    Feature record: CXX_FEATURE:0cxx_lambda_init_captures
    Feature record: CXX_FEATURE:1cxx_local_type_template_args
    Feature record: CXX_FEATURE:1cxx_long_long_type
    Feature record: CXX_FEATURE:1cxx_noexcept
    Feature record: CXX_FEATURE:1cxx_nonstatic_member_init
    Feature record: CXX_FEATURE:1cxx_nullptr
    Feature record: CXX_FEATURE:1cxx_override
    Feature record: CXX_FEATURE:1cxx_range_for
    Feature record: CXX_FEATURE:1cxx_raw_string_literals
    Feature record: CXX_FEATURE:1cxx_reference_qualified_functions
    Feature record: CXX_FEATURE:0cxx_relaxed_constexpr
    Feature record: CXX_FEATURE:0cxx_return_type_deduction
    Feature record: CXX_FEATURE:1cxx_right_angle_brackets
    Feature record: CXX_FEATURE:1cxx_rvalue_references
    Feature record: CXX_FEATURE:1cxx_sizeof_member
    Feature record: CXX_FEATURE:1cxx_static_assert
    Feature record: CXX_FEATURE:1cxx_strong_enums
    Feature record: CXX_FEATURE:1cxx_template_template_parameters
    Feature record: CXX_FEATURE:1cxx_thread_local
    Feature record: CXX_FEATURE:1cxx_trailing_return_types
    Feature record: CXX_FEATURE:1cxx_unicode_literals
    Feature record: CXX_FEATURE:1cxx_uniform_initialization
    Feature record: CXX_FEATURE:1cxx_unrestricted_unions
    Feature record: CXX_FEATURE:1cxx_user_literals
    Feature record: CXX_FEATURE:0cxx_variable_templates
    Feature record: CXX_FEATURE:1cxx_variadic_macros
    Feature record: CXX_FEATURE:1cxx_variadic_templates


Detecting CXX [-std=c++98] compiler features compiled with the following output:
Change Dir: /BIGDATA/nsccgz_pcheng_1/src/octopus/build/CMakeFiles/CMakeTmp

Run Build Command(s):/usr/bin/gmake cmTC_3b6fb/fast 
gmake[1]: Entering directory `/BIGDATA/nsccgz_pcheng_1/src/octopus/build/CMakeFiles/CMakeTmp'
/usr/bin/gmake -f CMakeFiles/cmTC_3b6fb.dir/build.make CMakeFiles/cmTC_3b6fb.dir/build
gmake[2]: Entering directory `/BIGDATA/nsccgz_pcheng_1/src/octopus/build/CMakeFiles/CMakeTmp'
Building CXX object CMakeFiles/cmTC_3b6fb.dir/feature_tests.cxx.o
/usr/bin/c++    -std=c++98 -o CMakeFiles/cmTC_3b6fb.dir/feature_tests.cxx.o -c /BIGDATA/nsccgz_pcheng_1/src/octopus/build/CMakeFiles/feature_tests.cxx
Linking CXX executable cmTC_3b6fb
/usr/local/bin/cmake -E cmake_link_script CMakeFiles/cmTC_3b6fb.dir/link.txt --verbose=1
/usr/bin/c++       -rdynamic CMakeFiles/cmTC_3b6fb.dir/feature_tests.cxx.o  -o cmTC_3b6fb 
gmake[2]: Leaving directory `/BIGDATA/nsccgz_pcheng_1/src/octopus/build/CMakeFiles/CMakeTmp'
gmake[1]: Leaving directory `/BIGDATA/nsccgz_pcheng_1/src/octopus/build/CMakeFiles/CMakeTmp'


    Feature record: CXX_FEATURE:0cxx_aggregate_default_initializers
    Feature record: CXX_FEATURE:0cxx_alias_templates
    Feature record: CXX_FEATURE:0cxx_alignas
    Feature record: CXX_FEATURE:0cxx_alignof
    Feature record: CXX_FEATURE:0cxx_attributes
    Feature record: CXX_FEATURE:0cxx_attribute_deprecated
    Feature record: CXX_FEATURE:0cxx_auto_type
    Feature record: CXX_FEATURE:0cxx_binary_literals
    Feature record: CXX_FEATURE:0cxx_constexpr
    Feature record: CXX_FEATURE:0cxx_contextual_conversions
    Feature record: CXX_FEATURE:0cxx_decltype
    Feature record: CXX_FEATURE:0cxx_decltype_auto
    Feature record: CXX_FEATURE:0cxx_decltype_incomplete_return_types
    Feature record: CXX_FEATURE:0cxx_default_function_template_args
    Feature record: CXX_FEATURE:0cxx_defaulted_functions
    Feature record: CXX_FEATURE:0cxx_defaulted_move_initializers
    Feature record: CXX_FEATURE:0cxx_delegating_constructors
    Feature record: CXX_FEATURE:0cxx_deleted_functions
    Feature record: CXX_FEATURE:0cxx_digit_separators
    Feature record: CXX_FEATURE:0cxx_enum_forward_declarations
    Feature record: CXX_FEATURE:0cxx_explicit_conversions
    Feature record: CXX_FEATURE:0cxx_extended_friend_declarations
    Feature record: CXX_FEATURE:0cxx_extern_templates
    Feature record: CXX_FEATURE:0cxx_final
    Feature record: CXX_FEATURE:0cxx_func_identifier
    Feature record: CXX_FEATURE:0cxx_generalized_initializers
    Feature record: CXX_FEATURE:0cxx_generic_lambdas
    Feature record: CXX_FEATURE:0cxx_inheriting_constructors
    Feature record: CXX_FEATURE:0cxx_inline_namespaces
    Feature record: CXX_FEATURE:0cxx_lambdas
    Feature record: CXX_FEATURE:0cxx_lambda_init_captures
    Feature record: CXX_FEATURE:0cxx_local_type_template_args
    Feature record: CXX_FEATURE:0cxx_long_long_type
    Feature record: CXX_FEATURE:0cxx_noexcept
    Feature record: CXX_FEATURE:0cxx_nonstatic_member_init
    Feature record: CXX_FEATURE:0cxx_nullptr
    Feature record: CXX_FEATURE:0cxx_override
    Feature record: CXX_FEATURE:0cxx_range_for
    Feature record: CXX_FEATURE:0cxx_raw_string_literals
    Feature record: CXX_FEATURE:0cxx_reference_qualified_functions
    Feature record: CXX_FEATURE:0cxx_relaxed_constexpr
    Feature record: CXX_FEATURE:0cxx_return_type_deduction
    Feature record: CXX_FEATURE:0cxx_right_angle_brackets
    Feature record: CXX_FEATURE:0cxx_rvalue_references
    Feature record: CXX_FEATURE:0cxx_sizeof_member
    Feature record: CXX_FEATURE:0cxx_static_assert
    Feature record: CXX_FEATURE:0cxx_strong_enums
    Feature record: CXX_FEATURE:1cxx_template_template_parameters
    Feature record: CXX_FEATURE:0cxx_thread_local
    Feature record: CXX_FEATURE:0cxx_trailing_return_types
    Feature record: CXX_FEATURE:0cxx_unicode_literals
    Feature record: CXX_FEATURE:0cxx_uniform_initialization
    Feature record: CXX_FEATURE:0cxx_unrestricted_unions
    Feature record: CXX_FEATURE:0cxx_user_literals
    Feature record: CXX_FEATURE:0cxx_variable_templates
    Feature record: CXX_FEATURE:0cxx_variadic_macros
    Feature record: CXX_FEATURE:0cxx_variadic_templates
